Time: 20:19:39
LogLevel: Error
Code: LoginUser
Exception: {
  "ClientTitle": "Error",
  "ClientMessage": "Could not establish connection.",
  "Callback": "NONE",
  "Handler": "NONE",
  "Args": null,
  "StatusCode": "GatewayTimeout",
  "Message": "A network-related or instance-specific error occurred while establishing a connection to SQL Server. The server was not found or was not accessible. Verify that the instance name is correct and that SQL Server is configured to allow remote connections. (provider: TCP Provider, error: 0 - No connection could be made because the target machine actively refused it.)",
  "Data": {},
  "InnerException": null,
  "HelpLink": null,
  "Source": "Warehouse.Manager",
  "HResult": -2146233088,
  "StackTrace": "   at Warehouse.Manager.Services.DbCommandBase.ConnectionOpen() in D:\\Shared drives\\Projects\\ServerLangs_1701261030\\Warehouse.Manager\\Services\\DbCommandBase.cs:line 71\r\n   at Warehouse.Manager.Services.DbCommandBase.ExecuteNonQuery(String stmt, List`1 parameters, CommandType commandType) in D:\\Shared drives\\Projects\\ServerLangs_1701261030\\Warehouse.Manager\\Services\\DbCommandBase.cs:line 249\r\n   at Warehouse.Manager.Services.AuthenticationScopedService.LoginUser(HttpContext context, Login login) in D:\\Shared drives\\Projects\\ServerLangs_1701261030\\Warehouse.Manager\\Services\\AuthenticationScopedService.cs:line 55"
}
Parameters: {
  "ClientIPAddress": "::1"
}
IPAddress: ::1
Request: {
  "Method": "POST",
  "Url": "https://localhost:7102/Auth/Login",
  "Path": "/Auth/Login",
  "Query": [],
  "Body": "",
  "Form": {
    "Login.ReturnUrl": "/",
    "Login.Username": "bobDilan",
    "Login.Password": "bobDilan-123",
    "Login.RememberLogin": "true,false",
    "__RequestVerificationToken": "CfDJ8Dy3GDioeC5Iv8GnbSp3D-DpP_rIueIfNjlV2pxt0ChNlGX3omRdhJscl9Ru0-8fP83YyYi83HwL4nZijPMeK1YspkmDMdR3JPoaxFjwHTzw711y5FYaXeILdJG5dGk2kzl5DgHbuVINHG_huF9w6hQ"
  },
  "Headers": {
    "Accept": [
      "text/html,application/xhtml+xml,application/xml;q=0.9,image/avif,image/webp,image/apng,*/*;q=0.8,application/signed-exchange;v=b3;q=0.9"
    ],
    "Host": [
      "localhost:7102"
    ],
    "User-Agent": [
      "Mozilla/5.0 (Windows NT 10.0; Win64; x64) AppleWebKit/537.36 (KHTML, like Gecko) Chrome/108.0.0.0 Safari/537.36"
    ],
    ":method": [
      "POST"
    ],
    "Accept-Encoding": [
      "gzip, deflate, br"
    ],
    "Accept-Language": [
      "en-GB,en;q=0.9,bg-BG;q=0.8,bg;q=0.7,en-US;q=0.6"
    ],
    "Cache-Control": [
      "max-age=0"
    ],
    "Content-Type": [
      "application/x-www-form-urlencoded"
    ],
    "Cookie": [
      ".AspNetCore.Antiforgery.1L9FrIpObnY=CfDJ8Dy3GDioeC5Iv8GnbSp3D-D7ltMsPm6Q9Qe3EE22OQEeH8ZcbZXV47e2cGQp-rxUAyxyV4wHw82LvMfzOsuLYvN4Vjd7oPw6c2d91khK5eUmda2lCi4ucdzfYdwet45fBl76Evu9wgL6w26z61LEdsc",
      "active_session=CfDJ8Dy3GDioeC5Iv8GnbSp3D-D5aIMOgGoKtOZoHGea65S47TCxt3k9RjPUnurE20AT8SZB9bdBn2P8JricF0gSSRxN9jgrX1_hCfdr_Io7GcHgjUlCgONeQKt8w7TIMiez-i80kex-Hu1IHXA7tjWBVPIGRFK4luQC1sl5f-bgJHqsKoFBaSdEHsmhnDOevPL-fd0Jww8tfBxaYH7wyqIYvkgNop1esEU4EFt1HXo-QjC2IlYBR5AE4ylhtJSNyUOI_rjtfMMDbvODP1EqmyPa4G8nNVv_cC2LhOnx-9l9xhr4QaaIJKX-VYnQbUhwOZ8jhXEzgmY8q_bvkVow7gPwWnnNjtD60d-LO8kHa2IA3Orr9_fmv0iu77WsNhYdPrXwPSflQ9R1R9iIq3yn9qGsIRmNPL_PSfqBnpYuSgeKsBtvOlqxT9vsr2JLwtOwdBTm5kBhf42gHUQkdtk6nFbPEVDiCiPkz5pi0ORtIk5R-d7vVVRj3uyFTH8pAQ0-5b__IGJTqm6hv1O8-lhjl4FR10g"
    ],
    "Origin": [
      "https://localhost:7102"
    ],
    "Referer": [
      "https://localhost:7102/Auth?ReturnUrl=%2F"
    ],
    "Upgrade-Insecure-Requests": [
      "1"
    ],
    "Content-Length": [
      "305"
    ],
    "sec-ch-ua": [
      "\"Not?A_Brand\";v=\"8\", \"Chromium\";v=\"108\", \"Google Chrome\";v=\"108\""
    ],
    "sec-ch-ua-mobile": [
      "?0"
    ],
    "sec-ch-ua-platform": [
      "\"Windows\""
    ],
    "DNT": [
      "1"
    ],
    "sec-fetch-site": [
      "same-origin"
    ],
    "sec-fetch-mode": [
      "navigate"
    ],
    "sec-fetch-user": [
      "?1"
    ],
    "sec-fetch-dest": [
      "document"
    ]
  }
}
-------------------------------------------------

