Time: 12:05:22
LogLevel: Error
Code: GetProducts
Exception: {
  "ClientTitle": "Error",
  "ClientMessage": "Error processing data.",
  "Callback": "NONE",
  "Handler": "NONE",
  "Args": null,
  "StatusCode": "ServiceUnavailable",
  "Message": "{\"Message\":\"A transport-level error has occurred when receiving results from the server. (provider: Session Provider, error: 19 - Physical connection is not usable)\",\"Number\":-1,\"Procedure\":null,\"LineNumber\":0}",
  "Data": {},
  "InnerException": null,
  "HelpLink": null,
  "Source": "Warehouse.Manager",
  "HResult": -2146233088,
  "StackTrace": "   at Warehouse.Manager.Utils.DatabaseException..ctor(SqlException sqlException)\r\n   at Warehouse.Manager.Services.DbCommandBase.<>c__DisplayClass34_0.<GetTableResult>b__0(Exception _e)\r\n   at Warehouse.Manager.Utils.ExceptionHelper.GetException(Exception e, Func`2 func)\r\n   at Warehouse.Manager.Services.DbCommandBase.GetTableResult(String stmt, List`1 parameters)\r\n   at Warehouse.Manager.Services.DbCommandBase.GetListResult[T](String stmt, List`1 parameters)\r\n   at Warehouse.Manager.Services.DbDataScopedService.GetProducts(Nullable`1 typeID, String name)"
}
Parameters: {
  "ClientIPAddress": null
}
IPAddress: ::1
Request: {
  "Method": "GET",
  "Url": "https://localhost:7102/",
  "Path": "/",
  "Query": [],
  "Body": "",
  "Form": null,
  "Headers": {
    "Accept": [
      "text/html,application/xhtml+xml,application/xml;q=0.9,image/avif,image/webp,image/apng,*/*;q=0.8,application/signed-exchange;v=b3;q=0.9"
    ],
    "Host": [
      "localhost:7102"
    ],
    "User-Agent": [
      "Mozilla/5.0 (Windows NT 10.0; Win64; x64) AppleWebKit/537.36 (KHTML, like Gecko) Chrome/108.0.0.0 Safari/537.36"
    ],
    ":method": [
      "GET"
    ],
    "Accept-Encoding": [
      "gzip, deflate, br"
    ],
    "Accept-Language": [
      "en-GB,en;q=0.9,bg-BG;q=0.8,bg;q=0.7,en-US;q=0.6"
    ],
    "Cache-Control": [
      "max-age=0"
    ],
    "Cookie": [
      ".AspNetCore.Antiforgery.1L9FrIpObnY=CfDJ8Dy3GDioeC5Iv8GnbSp3D-D7ltMsPm6Q9Qe3EE22OQEeH8ZcbZXV47e2cGQp-rxUAyxyV4wHw82LvMfzOsuLYvN4Vjd7oPw6c2d91khK5eUmda2lCi4ucdzfYdwet45fBl76Evu9wgL6w26z61LEdsc",
      "active_session=CfDJ8Dy3GDioeC5Iv8GnbSp3D-BgVmsr-fRw0yUGcmuTdPZZtTTIdedQQ-PxTwZOQF3qbt_hwDpLn3lV6Zw34weGFmNOSCY4THP9A-q47adfPkvClGoiLlLfvezsdNr5Zva_e0Evsc13reOCxfiILIXipVKoRLobnSVH9aH1AIgWKEKVA9U8MYgarCDxRKBKMcXvDj6KlpGY-VZekw1xKnpeaX0J0worzTfIuO-Iff8uP17JEAR_ytI-EeapX4jjJz655osYqdhw3Bn5g3NAL_c9TG1A1DYn6ZyXRNXXRGegJ5seeWCypf1aWkmso5-8RsHmonwAsuKUSAkKnXzdvLzlGIJWqRoRAP5iTCmff7TgWiHUNC9CLuD1In4WeuKh0OeH2ki3dS-5Mhh2VmzBH_h_GvuIiyeE8tfOTdUDtOATHI1FJWl_mC4A9BOJuKx7ylntTiUG8JUyeyp9Qrsgvht0GNuOMC7_BkfsCedKIbCEhkSjNJNk5-4yVBwQ935cyCJXLP4KlWdZI5Vhcr_LtehYzGI"
    ],
    "Referer": [
      "https://localhost:7102/"
    ],
    "Upgrade-Insecure-Requests": [
      "1"
    ],
    "sec-ch-ua": [
      "\"Not?A_Brand\";v=\"8\", \"Chromium\";v=\"108\", \"Google Chrome\";v=\"108\""
    ],
    "sec-ch-ua-mobile": [
      "?0"
    ],
    "sec-ch-ua-platform": [
      "\"Windows\""
    ],
    "DNT": [
      "1"
    ],
    "sec-fetch-site": [
      "same-origin"
    ],
    "sec-fetch-mode": [
      "navigate"
    ],
    "sec-fetch-dest": [
      "document"
    ]
  }
}
-------------------------------------------------

Time: 12:05:29
LogLevel: Error
Code: GetProducts
Exception: {
  "ClientTitle": "Error",
  "ClientMessage": "Could not establish connection.",
  "Callback": "NONE",
  "Handler": "NONE",
  "Args": null,
  "StatusCode": "GatewayTimeout",
  "Message": "Connection Timeout Expired.  The timeout period elapsed while attempting to consume the pre-login handshake acknowledgement.  This could be because the pre-login handshake failed or the server was unable to respond back in time.  The duration spent while attempting to connect to this server was - [Pre-Login] initialization=15040; handshake=4; ",
  "Data": {},
  "InnerException": null,
  "HelpLink": null,
  "Source": "Warehouse.Manager",
  "HResult": -2146233088,
  "StackTrace": "   at Warehouse.Manager.Services.DbCommandBase.ConnectionOpen()\r\n   at Warehouse.Manager.Services.DbCommandBase.GetTableResult(String stmt, List`1 parameters)\r\n   at Warehouse.Manager.Services.DbCommandBase.GetListResult[T](String stmt, List`1 parameters)\r\n   at Warehouse.Manager.Services.DbDataScopedService.GetProducts(Nullable`1 typeID, String name)"
}
Parameters: {
  "ClientIPAddress": null
}
IPAddress: ::1
Request: {
  "Method": "GET",
  "Url": "https://localhost:7102/",
  "Path": "/",
  "Query": [],
  "Body": "",
  "Form": null,
  "Headers": {
    "Accept": [
      "text/html,application/xhtml+xml,application/xml;q=0.9,image/avif,image/webp,image/apng,*/*;q=0.8,application/signed-exchange;v=b3;q=0.9"
    ],
    "Host": [
      "localhost:7102"
    ],
    "User-Agent": [
      "Mozilla/5.0 (Windows NT 10.0; Win64; x64) AppleWebKit/537.36 (KHTML, like Gecko) Chrome/108.0.0.0 Safari/537.36"
    ],
    ":method": [
      "GET"
    ],
    "Accept-Encoding": [
      "gzip, deflate, br"
    ],
    "Accept-Language": [
      "en-GB,en;q=0.9,bg-BG;q=0.8,bg;q=0.7,en-US;q=0.6"
    ],
    "Cache-Control": [
      "max-age=0"
    ],
    "Cookie": [
      ".AspNetCore.Antiforgery.1L9FrIpObnY=CfDJ8Dy3GDioeC5Iv8GnbSp3D-D7ltMsPm6Q9Qe3EE22OQEeH8ZcbZXV47e2cGQp-rxUAyxyV4wHw82LvMfzOsuLYvN4Vjd7oPw6c2d91khK5eUmda2lCi4ucdzfYdwet45fBl76Evu9wgL6w26z61LEdsc",
      "active_session=CfDJ8Dy3GDioeC5Iv8GnbSp3D-BgVmsr-fRw0yUGcmuTdPZZtTTIdedQQ-PxTwZOQF3qbt_hwDpLn3lV6Zw34weGFmNOSCY4THP9A-q47adfPkvClGoiLlLfvezsdNr5Zva_e0Evsc13reOCxfiILIXipVKoRLobnSVH9aH1AIgWKEKVA9U8MYgarCDxRKBKMcXvDj6KlpGY-VZekw1xKnpeaX0J0worzTfIuO-Iff8uP17JEAR_ytI-EeapX4jjJz655osYqdhw3Bn5g3NAL_c9TG1A1DYn6ZyXRNXXRGegJ5seeWCypf1aWkmso5-8RsHmonwAsuKUSAkKnXzdvLzlGIJWqRoRAP5iTCmff7TgWiHUNC9CLuD1In4WeuKh0OeH2ki3dS-5Mhh2VmzBH_h_GvuIiyeE8tfOTdUDtOATHI1FJWl_mC4A9BOJuKx7ylntTiUG8JUyeyp9Qrsgvht0GNuOMC7_BkfsCedKIbCEhkSjNJNk5-4yVBwQ935cyCJXLP4KlWdZI5Vhcr_LtehYzGI"
    ],
    "Referer": [
      "https://localhost:7102/"
    ],
    "Upgrade-Insecure-Requests": [
      "1"
    ],
    "sec-ch-ua": [
      "\"Not?A_Brand\";v=\"8\", \"Chromium\";v=\"108\", \"Google Chrome\";v=\"108\""
    ],
    "sec-ch-ua-mobile": [
      "?0"
    ],
    "sec-ch-ua-platform": [
      "\"Windows\""
    ],
    "DNT": [
      "1"
    ],
    "sec-fetch-site": [
      "same-origin"
    ],
    "sec-fetch-mode": [
      "navigate"
    ],
    "sec-fetch-dest": [
      "document"
    ]
  }
}
-------------------------------------------------

Time: 12:05:32
LogLevel: Error
Code: GetProducts
Exception: {
  "ClientTitle": "Error",
  "ClientMessage": "Could not establish connection.",
  "Callback": "NONE",
  "Handler": "NONE",
  "Args": null,
  "StatusCode": "GatewayTimeout",
  "Message": "Connection Timeout Expired.  The timeout period elapsed while attempting to consume the pre-login handshake acknowledgement.  This could be because the pre-login handshake failed or the server was unable to respond back in time.  The duration spent while attempting to connect to this server was - [Pre-Login] initialization=15040; handshake=4; ",
  "Data": {},
  "InnerException": null,
  "HelpLink": null,
  "Source": "Warehouse.Manager",
  "HResult": -2146233088,
  "StackTrace": "   at Warehouse.Manager.Services.DbCommandBase.ConnectionOpen()\r\n   at Warehouse.Manager.Services.DbCommandBase.GetTableResult(String stmt, List`1 parameters)\r\n   at Warehouse.Manager.Services.DbCommandBase.GetListResult[T](String stmt, List`1 parameters)\r\n   at Warehouse.Manager.Services.DbDataScopedService.GetProducts(Nullable`1 typeID, String name)"
}
Parameters: {
  "ClientIPAddress": null
}
IPAddress: ::1
Request: {
  "Method": "GET",
  "Url": "https://localhost:7102/",
  "Path": "/",
  "Query": [],
  "Body": "",
  "Form": null,
  "Headers": {
    "Accept": [
      "text/html,application/xhtml+xml,application/xml;q=0.9,image/avif,image/webp,image/apng,*/*;q=0.8,application/signed-exchange;v=b3;q=0.9"
    ],
    "Host": [
      "localhost:7102"
    ],
    "User-Agent": [
      "Mozilla/5.0 (Windows NT 10.0; Win64; x64) AppleWebKit/537.36 (KHTML, like Gecko) Chrome/108.0.0.0 Safari/537.36"
    ],
    ":method": [
      "GET"
    ],
    "Accept-Encoding": [
      "gzip, deflate, br"
    ],
    "Accept-Language": [
      "en-GB,en;q=0.9,bg-BG;q=0.8,bg;q=0.7,en-US;q=0.6"
    ],
    "Cache-Control": [
      "max-age=0"
    ],
    "Cookie": [
      ".AspNetCore.Antiforgery.1L9FrIpObnY=CfDJ8Dy3GDioeC5Iv8GnbSp3D-D7ltMsPm6Q9Qe3EE22OQEeH8ZcbZXV47e2cGQp-rxUAyxyV4wHw82LvMfzOsuLYvN4Vjd7oPw6c2d91khK5eUmda2lCi4ucdzfYdwet45fBl76Evu9wgL6w26z61LEdsc",
      "active_session=CfDJ8Dy3GDioeC5Iv8GnbSp3D-BgVmsr-fRw0yUGcmuTdPZZtTTIdedQQ-PxTwZOQF3qbt_hwDpLn3lV6Zw34weGFmNOSCY4THP9A-q47adfPkvClGoiLlLfvezsdNr5Zva_e0Evsc13reOCxfiILIXipVKoRLobnSVH9aH1AIgWKEKVA9U8MYgarCDxRKBKMcXvDj6KlpGY-VZekw1xKnpeaX0J0worzTfIuO-Iff8uP17JEAR_ytI-EeapX4jjJz655osYqdhw3Bn5g3NAL_c9TG1A1DYn6ZyXRNXXRGegJ5seeWCypf1aWkmso5-8RsHmonwAsuKUSAkKnXzdvLzlGIJWqRoRAP5iTCmff7TgWiHUNC9CLuD1In4WeuKh0OeH2ki3dS-5Mhh2VmzBH_h_GvuIiyeE8tfOTdUDtOATHI1FJWl_mC4A9BOJuKx7ylntTiUG8JUyeyp9Qrsgvht0GNuOMC7_BkfsCedKIbCEhkSjNJNk5-4yVBwQ935cyCJXLP4KlWdZI5Vhcr_LtehYzGI"
    ],
    "Referer": [
      "https://localhost:7102/"
    ],
    "Upgrade-Insecure-Requests": [
      "1"
    ],
    "sec-ch-ua": [
      "\"Not?A_Brand\";v=\"8\", \"Chromium\";v=\"108\", \"Google Chrome\";v=\"108\""
    ],
    "sec-ch-ua-mobile": [
      "?0"
    ],
    "sec-ch-ua-platform": [
      "\"Windows\""
    ],
    "DNT": [
      "1"
    ],
    "sec-fetch-site": [
      "same-origin"
    ],
    "sec-fetch-mode": [
      "navigate"
    ],
    "sec-fetch-user": [
      "?1"
    ],
    "sec-fetch-dest": [
      "document"
    ]
  }
}
-------------------------------------------------

Time: 12:20:29
LogLevel: Error
Code: 0x9000101
Exception: {
  "ClassName": "System.Exception",
  "Message": "Dispose of $DbCommandBase",
  "Data": null,
  "InnerException": null,
  "HelpURL": null,
  "StackTraceString": null,
  "RemoteStackTraceString": null,
  "RemoteStackIndex": 0,
  "ExceptionMethod": null,
  "HResult": -2146233088,
  "Source": null,
  "WatsonBuckets": null
}
Parameters: {
  "command": "wh.SP_AddProduct",
  "parameters": {
    "@pTypeId": {
      "Value": null,
      "SqlDbType": "NVarChar"
    },
    "@pName": {
      "Value": null,
      "SqlDbType": "NVarChar"
    },
    "@pDescription": {
      "Value": null,
      "SqlDbType": "NVarChar"
    },
    "@pImageB64": {
      "Value": null,
      "SqlDbType": "NVarChar"
    },
    "@pBoughtPrice": {
      "Value": 0.0,
      "SqlDbType": "Float"
    },
    "@pSellPrice": {
      "Value": 0.0,
      "SqlDbType": "Float"
    },
    "@pAmount": {
      "Value": 0,
      "SqlDbType": "Int"
    },
    "Parameter1": {
      "Value": null,
      "SqlDbType": "NVarChar"
    }
  },
  "InTransaction": true,
  "ConnectionOpened": false,
  "UnauthorizedAccessAllowed": false
}
IPAddress: ::1
Request: {
  "Method": "POST",
  "Url": "https://localhost:7102/Warehouse/AddProduct",
  "Path": "/Warehouse/AddProduct",
  "Query": [],
  "Body": "",
  "Form": {
    "__RequestVerificationToken": "CfDJ8Dy3GDioeC5Iv8GnbSp3D-CPV56mX0ybVzolH0xlbyv6j2Pb3BK-OyEGrDkB4DX2MPc93_354r32kDfc5RF3H7ia-v2HNlsXyWyFAV7ZuzVjF-fqyAZRFfGAYBT5fCRbUJpvDpHBO5TzqQVE3V9PzhGSIEkKRQDQdV15DlkFd-VHsST1HZ1W8aBhuzChF4Pmog"
  },
  "Headers": {
    "Accept": [
      "text/html,application/xhtml+xml,application/xml;q=0.9,image/avif,image/webp,image/apng,*/*;q=0.8,application/signed-exchange;v=b3;q=0.9"
    ],
    "Host": [
      "localhost:7102"
    ],
    "User-Agent": [
      "Mozilla/5.0 (Windows NT 10.0; Win64; x64) AppleWebKit/537.36 (KHTML, like Gecko) Chrome/108.0.0.0 Safari/537.36"
    ],
    ":method": [
      "POST"
    ],
    "Accept-Encoding": [
      "gzip, deflate, br"
    ],
    "Accept-Language": [
      "en-GB,en;q=0.9,bg-BG;q=0.8,bg;q=0.7,en-US;q=0.6"
    ],
    "Cache-Control": [
      "max-age=0"
    ],
    "Content-Type": [
      "application/x-www-form-urlencoded"
    ],
    "Cookie": [
      ".AspNetCore.Antiforgery.1L9FrIpObnY=CfDJ8Dy3GDioeC5Iv8GnbSp3D-D7ltMsPm6Q9Qe3EE22OQEeH8ZcbZXV47e2cGQp-rxUAyxyV4wHw82LvMfzOsuLYvN4Vjd7oPw6c2d91khK5eUmda2lCi4ucdzfYdwet45fBl76Evu9wgL6w26z61LEdsc",
      "active_session=CfDJ8Dy3GDioeC5Iv8GnbSp3D-D_PFDJQsvBUMIhQTtFR4Z6qkeQN1eBlHwR1UG4xlIDAamkLwt7xIhLlhyn00o4FxsMt9KFh-qNHmpL7KVVX15uFCIOcsd9EWcP2tVoX_hrp8DT-spVy02Z8yovFP5TXRgOwVC27O8c0Y2uB7kZlh3CeeEnwsMIAN-EW07F6araqH3rJH1ki56DZztBbIY793PA9mcXgYGV7DVSPYQkQ6ynPsux6GO7ZrYUkv5LqMT4xSajmOvJLswVAOrQiwmBwUchItaJPm0KALFh-7toulhvYWp8sYgBildrXX3wFs6dDgbM1dknR3kuAHIX7R1nxTgPooLUQMBCHOSCKDlo53sPA5iSCYgLQDyrENbd-Ww0z4MfnEnjpaJV9CtIK-gHDnD-wWxBjEUZTKo9nsNmARXelqeVT9XdLlRZ3SqzN_NN3DN4OZCYb2sPrVlblrzHqAh4U1r9i6yq7W6omsJdb6uH1sa01fwohKPrWPmARQzpy40NfNNJGFtmEPwquCTztio"
    ],
    "Origin": [
      "https://localhost:7102"
    ],
    "Referer": [
      "https://localhost:7102/"
    ],
    "Upgrade-Insecure-Requests": [
      "1"
    ],
    "Content-Length": [
      "225"
    ],
    "sec-ch-ua": [
      "\"Not?A_Brand\";v=\"8\", \"Chromium\";v=\"108\", \"Google Chrome\";v=\"108\""
    ],
    "sec-ch-ua-mobile": [
      "?0"
    ],
    "sec-ch-ua-platform": [
      "\"Windows\""
    ],
    "DNT": [
      "1"
    ],
    "sec-fetch-site": [
      "same-origin"
    ],
    "sec-fetch-mode": [
      "navigate"
    ],
    "sec-fetch-user": [
      "?1"
    ],
    "sec-fetch-dest": [
      "document"
    ]
  }
}
-------------------------------------------------

Time: 12:33:54
LogLevel: Error
Code: GetProducts
Exception: {
  "ClientTitle": "Error",
  "ClientMessage": "Error processing data.",
  "Callback": "NONE",
  "Handler": "NONE",
  "Args": null,
  "StatusCode": "ServiceUnavailable",
  "Message": "{\"Message\":\"A transport-level error has occurred when receiving results from the server. (provider: Session Provider, error: 19 - Physical connection is not usable)\",\"Number\":-1,\"Procedure\":null,\"LineNumber\":0}",
  "Data": {},
  "InnerException": null,
  "HelpLink": null,
  "Source": "Warehouse.Manager",
  "HResult": -2146233088,
  "StackTrace": "   at Warehouse.Manager.Utils.DatabaseException..ctor(SqlException sqlException)\r\n   at Warehouse.Manager.Services.DbCommandBase.<>c__DisplayClass34_0.<GetTableResult>b__0(Exception _e)\r\n   at Warehouse.Manager.Utils.ExceptionHelper.GetException(Exception e, Func`2 func)\r\n   at Warehouse.Manager.Services.DbCommandBase.GetTableResult(String stmt, List`1 parameters)\r\n   at Warehouse.Manager.Services.DbCommandBase.GetListResult[T](String stmt, List`1 parameters)\r\n   at Warehouse.Manager.Services.DbDataScopedService.GetProducts(Nullable`1 typeID, String name)"
}
Parameters: {
  "ClientIPAddress": null
}
IPAddress: ::1
Request: {
  "Method": "GET",
  "Url": "https://localhost:7102/",
  "Path": "/",
  "Query": [],
  "Body": "",
  "Form": null,
  "Headers": {
    "Accept": [
      "text/html,application/xhtml+xml,application/xml;q=0.9,image/avif,image/webp,image/apng,*/*;q=0.8,application/signed-exchange;v=b3;q=0.9"
    ],
    "Host": [
      "localhost:7102"
    ],
    "User-Agent": [
      "Mozilla/5.0 (Windows NT 10.0; Win64; x64) AppleWebKit/537.36 (KHTML, like Gecko) Chrome/108.0.0.0 Safari/537.36"
    ],
    ":method": [
      "GET"
    ],
    "Accept-Encoding": [
      "gzip, deflate, br"
    ],
    "Accept-Language": [
      "en-GB,en;q=0.9,bg-BG;q=0.8,bg;q=0.7,en-US;q=0.6"
    ],
    "Cache-Control": [
      "max-age=0"
    ],
    "Cookie": [
      ".AspNetCore.Antiforgery.1L9FrIpObnY=CfDJ8Dy3GDioeC5Iv8GnbSp3D-D7ltMsPm6Q9Qe3EE22OQEeH8ZcbZXV47e2cGQp-rxUAyxyV4wHw82LvMfzOsuLYvN4Vjd7oPw6c2d91khK5eUmda2lCi4ucdzfYdwet45fBl76Evu9wgL6w26z61LEdsc",
      "active_session=CfDJ8Dy3GDioeC5Iv8GnbSp3D-C8Xk8WObaPeaZFJSmkfAunuZgQ0Wwh61u4a4JVgWPs6ancvWIQwgK8Bn5Z-WBY6dNl4nDZ6nnSchITGdYoE8EWARLk7CD1U1h9Ef7rHs63h5x88tCWVAtaJWlYxeMupnx2f4qrwdGBGp189PaZQWQCIXNCoasyiJjt4Ifc9Hb0zy9qOTbPhtiASK1JOMYOMrdLxbwbewu-gniPf5LhvUz3eBrP_nreAAu9ofMdoTDlH7qZwbw7Qm8eEk6IVzDElqFvp4fPDBZedmxNpXfe_lbKo7Zhz3i41OG9kJih_Q4JOVRM031eViarCPSv0pM-rZIq5p7YEiM6QbEiZ_tme9uuyJQpJoSaUNXOWkiQtgHe1d70AiAXXkO8F7bGBA3e_pmGL6tyrjKWaAoAyqb7lGd4I4RTWlI3XkKSc0H6-8aZEi1yBBlri9v0Ax3Wveun_tm7o9g3BU0T5LTLlNV1YJwKt4l3QWK8uNGnbYUetjIR5AdvQrlQr7hzYXDRuC8VbQ4"
    ],
    "Referer": [
      "https://localhost:7102/"
    ],
    "Upgrade-Insecure-Requests": [
      "1"
    ],
    "sec-ch-ua": [
      "\"Not?A_Brand\";v=\"8\", \"Chromium\";v=\"108\", \"Google Chrome\";v=\"108\""
    ],
    "sec-ch-ua-mobile": [
      "?0"
    ],
    "sec-ch-ua-platform": [
      "\"Windows\""
    ],
    "DNT": [
      "1"
    ],
    "sec-fetch-site": [
      "same-origin"
    ],
    "sec-fetch-mode": [
      "navigate"
    ],
    "sec-fetch-dest": [
      "document"
    ]
  }
}
-------------------------------------------------

Time: 12:34:53
LogLevel: Error
Code: 0x9000101
Exception: {
  "ClassName": "System.Exception",
  "Message": "Dispose of $DbCommandBase",
  "Data": null,
  "InnerException": null,
  "HelpURL": null,
  "StackTraceString": null,
  "RemoteStackTraceString": null,
  "RemoteStackIndex": 0,
  "ExceptionMethod": null,
  "HResult": -2146233088,
  "Source": null,
  "WatsonBuckets": null
}
Parameters: {
  "command": "wh.SP_AddProduct",
  "parameters": {
    "@pTypeId": {
      "Value": "2",
      "SqlDbType": "NVarChar"
    },
    "@pName": {
      "Value": "awdawd",
      "SqlDbType": "NVarChar"
    },
    "@pDescription": {
      "Value": "awdawdawdawdaw",
      "SqlDbType": "NVarChar"
    },
    "@pImageB64": {
      "Value": null,
      "SqlDbType": "NVarChar"
    },
    "@pBoughtPrice": {
      "Value": 0.0,
      "SqlDbType": "Float"
    },
    "@pSellPrice": {
      "Value": 0.0,
      "SqlDbType": "Float"
    },
    "@pAmount": {
      "Value": 0,
      "SqlDbType": "Int"
    },
    "Parameter1": {
      "Value": null,
      "SqlDbType": "NVarChar"
    }
  },
  "InTransaction": true,
  "ConnectionOpened": false,
  "UnauthorizedAccessAllowed": false
}
IPAddress: ::1
Request: {
  "Method": "POST",
  "Url": "https://localhost:7102/Warehouse/AddProduct",
  "Path": "/Warehouse/AddProduct",
  "Query": [],
  "Body": "",
  "Form": {
    "Product.pType": "2",
    "Product.pName": "awdawd",
    "Product.pDesc": "awdawdawdawdaw",
    "__RequestVerificationToken": "CfDJ8Dy3GDioeC5Iv8GnbSp3D-CxCcHY-AYiTuB-26K48_8wHRHm2OKu-dSlFucnbROvoIvSlD05GSU88pGhtneAZqU5o6Z_IxCm7F8Vf0CdZHh5tq9PBhTeRBybOwfHbmatz_r8BaPbyreaeBUCnENAbClY6CXmwcAq5gkuFk7QLEpGCQgLkYqLl-LDBt92b40CBQ"
  },
  "Headers": {
    "Accept": [
      "text/html,application/xhtml+xml,application/xml;q=0.9,image/avif,image/webp,image/apng,*/*;q=0.8,application/signed-exchange;v=b3;q=0.9"
    ],
    "Host": [
      "localhost:7102"
    ],
    "User-Agent": [
      "Mozilla/5.0 (Windows NT 10.0; Win64; x64) AppleWebKit/537.36 (KHTML, like Gecko) Chrome/108.0.0.0 Safari/537.36"
    ],
    ":method": [
      "POST"
    ],
    "Accept-Encoding": [
      "gzip, deflate, br"
    ],
    "Accept-Language": [
      "en-GB,en;q=0.9,bg-BG;q=0.8,bg;q=0.7,en-US;q=0.6"
    ],
    "Cache-Control": [
      "max-age=0"
    ],
    "Content-Type": [
      "application/x-www-form-urlencoded"
    ],
    "Cookie": [
      ".AspNetCore.Antiforgery.1L9FrIpObnY=CfDJ8Dy3GDioeC5Iv8GnbSp3D-D7ltMsPm6Q9Qe3EE22OQEeH8ZcbZXV47e2cGQp-rxUAyxyV4wHw82LvMfzOsuLYvN4Vjd7oPw6c2d91khK5eUmda2lCi4ucdzfYdwet45fBl76Evu9wgL6w26z61LEdsc",
      "active_session=CfDJ8Dy3GDioeC5Iv8GnbSp3D-C8Xk8WObaPeaZFJSmkfAunuZgQ0Wwh61u4a4JVgWPs6ancvWIQwgK8Bn5Z-WBY6dNl4nDZ6nnSchITGdYoE8EWARLk7CD1U1h9Ef7rHs63h5x88tCWVAtaJWlYxeMupnx2f4qrwdGBGp189PaZQWQCIXNCoasyiJjt4Ifc9Hb0zy9qOTbPhtiASK1JOMYOMrdLxbwbewu-gniPf5LhvUz3eBrP_nreAAu9ofMdoTDlH7qZwbw7Qm8eEk6IVzDElqFvp4fPDBZedmxNpXfe_lbKo7Zhz3i41OG9kJih_Q4JOVRM031eViarCPSv0pM-rZIq5p7YEiM6QbEiZ_tme9uuyJQpJoSaUNXOWkiQtgHe1d70AiAXXkO8F7bGBA3e_pmGL6tyrjKWaAoAyqb7lGd4I4RTWlI3XkKSc0H6-8aZEi1yBBlri9v0Ax3Wveun_tm7o9g3BU0T5LTLlNV1YJwKt4l3QWK8uNGnbYUetjIR5AdvQrlQr7hzYXDRuC8VbQ4"
    ],
    "Origin": [
      "https://localhost:7102"
    ],
    "Referer": [
      "https://localhost:7102/"
    ],
    "Upgrade-Insecure-Requests": [
      "1"
    ],
    "Content-Length": [
      "291"
    ],
    "sec-ch-ua": [
      "\"Not?A_Brand\";v=\"8\", \"Chromium\";v=\"108\", \"Google Chrome\";v=\"108\""
    ],
    "sec-ch-ua-mobile": [
      "?0"
    ],
    "sec-ch-ua-platform": [
      "\"Windows\""
    ],
    "DNT": [
      "1"
    ],
    "sec-fetch-site": [
      "same-origin"
    ],
    "sec-fetch-mode": [
      "navigate"
    ],
    "sec-fetch-user": [
      "?1"
    ],
    "sec-fetch-dest": [
      "document"
    ]
  }
}
-------------------------------------------------

Time: 12:45:57
LogLevel: Error
Code: 0x9000101
Exception: {
  "ClassName": "System.Exception",
  "Message": "Dispose of $DbCommandBase",
  "Data": null,
  "InnerException": null,
  "HelpURL": null,
  "StackTraceString": null,
  "RemoteStackTraceString": null,
  "RemoteStackIndex": 0,
  "ExceptionMethod": null,
  "HResult": -2146233088,
  "Source": null,
  "WatsonBuckets": null
}
Parameters: {
  "command": "wh.SP_AddProduct",
  "parameters": {
    "@pTypeId": {
      "Value": "2",
      "SqlDbType": "NVarChar"
    },
    "@pName": {
      "Value": null,
      "SqlDbType": "NVarChar"
    },
    "@pDescription": {
      "Value": null,
      "SqlDbType": "NVarChar"
    },
    "@pImageB64": {
      "Value": null,
      "SqlDbType": "NVarChar"
    },
    "@pBoughtPrice": {
      "Value": 0.0,
      "SqlDbType": "Float"
    },
    "@pSellPrice": {
      "Value": 0.0,
      "SqlDbType": "Float"
    },
    "@pAmount": {
      "Value": 0,
      "SqlDbType": "Int"
    },
    "Parameter1": {
      "Value": null,
      "SqlDbType": "NVarChar"
    }
  },
  "InTransaction": true,
  "ConnectionOpened": false,
  "UnauthorizedAccessAllowed": false
}
IPAddress: ::1
Request: {
  "Method": "POST",
  "Url": "https://localhost:7102/Warehouse/AddProduct",
  "Path": "/Warehouse/AddProduct",
  "Query": [],
  "Body": "",
  "Form": {
    "Product.pType": "2",
    "Product.pName": "",
    "Product.pDesc": "",
    "Product.pBPrice": "",
    "Product.pSPrice": "",
    "Product.pAmount": "",
    "__RequestVerificationToken": "CfDJ8Dy3GDioeC5Iv8GnbSp3D-Av3SiIsvtNUElprEk77MOqDHPt0JgZvWzq4OzUAvbPsfa7TW-2HvygaLHQQXEzrrpDXRmBW00hMjUbGmGLXNaXOYrZZaN02YJQI8dPDbUlMAW5_gyuPl3OH_081p5lOt-pwFNu9BDRSgWNidws2d6vXjYZYOZ7D0eN3cs-WnckGw"
  },
  "Headers": {
    "Accept": [
      "text/html,application/xhtml+xml,application/xml;q=0.9,image/avif,image/webp,image/apng,*/*;q=0.8,application/signed-exchange;v=b3;q=0.9"
    ],
    "Host": [
      "localhost:7102"
    ],
    "User-Agent": [
      "Mozilla/5.0 (Windows NT 10.0; Win64; x64) AppleWebKit/537.36 (KHTML, like Gecko) Chrome/108.0.0.0 Safari/537.36"
    ],
    ":method": [
      "POST"
    ],
    "Accept-Encoding": [
      "gzip, deflate, br"
    ],
    "Accept-Language": [
      "en-GB,en;q=0.9,bg-BG;q=0.8,bg;q=0.7,en-US;q=0.6"
    ],
    "Cache-Control": [
      "max-age=0"
    ],
    "Content-Type": [
      "application/x-www-form-urlencoded"
    ],
    "Cookie": [
      ".AspNetCore.Antiforgery.1L9FrIpObnY=CfDJ8Dy3GDioeC5Iv8GnbSp3D-D7ltMsPm6Q9Qe3EE22OQEeH8ZcbZXV47e2cGQp-rxUAyxyV4wHw82LvMfzOsuLYvN4Vjd7oPw6c2d91khK5eUmda2lCi4ucdzfYdwet45fBl76Evu9wgL6w26z61LEdsc",
      "active_session=CfDJ8Dy3GDioeC5Iv8GnbSp3D-AJkeRxtQRWM4ZHrDC4t5S3MwXmOzclgvzUNwcrZakXKDOjuuM-CO6dryX7r-feqCTwwGTz1rZzj4V7wc2stTzn8Ot2JAdZj3kKXbdDa9vUm3-kdHqdvddd8jQfwwurmp1KUjprgyupMtNvrnrB2Gwol4XJff2EZPJLOjptCuggSkIOeQ5ZKxa3kRZb2ht76F4DTMzWedMTdnwMTe_mGVUYTNQ932vf-peD4MKBNn4MjSX4QDwRiltU4zjiSuO1zEzxsNB3PoIalK12MbupoJKjuTPwcujwOVuLL0pUrrBjo9I2qBn3jBl6AScx9q2Z2yFmlfRZRmhORVqo8efjajhvnYUmpBbFO6Bq0yTQJUkS8vUiSxEWhPFOa9Q75NuzLEsdRZ-WkTsn8xh4UM5FB8eEwDvuM4zGC7zw5ZdRgDn3xLYLH-dL2UlEoTgMVBEAwItTwZyVrOwIpusP0ss9xGAOhm21UDBxhqhyI0w1-bI-aOKxbGtf-A7fZ3qTzjp0jz4"
    ],
    "Origin": [
      "https://localhost:7102"
    ],
    "Referer": [
      "https://localhost:7102/"
    ],
    "Upgrade-Insecure-Requests": [
      "1"
    ],
    "Content-Length": [
      "322"
    ],
    "sec-ch-ua": [
      "\"Not?A_Brand\";v=\"8\", \"Chromium\";v=\"108\", \"Google Chrome\";v=\"108\""
    ],
    "sec-ch-ua-mobile": [
      "?0"
    ],
    "sec-ch-ua-platform": [
      "\"Windows\""
    ],
    "DNT": [
      "1"
    ],
    "sec-fetch-site": [
      "same-origin"
    ],
    "sec-fetch-mode": [
      "navigate"
    ],
    "sec-fetch-user": [
      "?1"
    ],
    "sec-fetch-dest": [
      "document"
    ]
  }
}
-------------------------------------------------

Time: 12:46:36
LogLevel: Error
Code: 0x9000101
Exception: {
  "ClassName": "System.Exception",
  "Message": "Dispose of $DbCommandBase",
  "Data": null,
  "InnerException": null,
  "HelpURL": null,
  "StackTraceString": null,
  "RemoteStackTraceString": null,
  "RemoteStackIndex": 0,
  "ExceptionMethod": null,
  "HResult": -2146233088,
  "Source": null,
  "WatsonBuckets": null
}
Parameters: {
  "command": "wh.SP_AddProduct",
  "parameters": {
    "@pTypeId": {
      "Value": "2",
      "SqlDbType": "NVarChar"
    },
    "@pName": {
      "Value": null,
      "SqlDbType": "NVarChar"
    },
    "@pDescription": {
      "Value": null,
      "SqlDbType": "NVarChar"
    },
    "@pImageB64": {
      "Value": null,
      "SqlDbType": "NVarChar"
    },
    "@pBoughtPrice": {
      "Value": 0.0,
      "SqlDbType": "Float"
    },
    "@pSellPrice": {
      "Value": 0.0,
      "SqlDbType": "Float"
    },
    "@pAmount": {
      "Value": 0,
      "SqlDbType": "Int"
    },
    "Parameter1": {
      "Value": null,
      "SqlDbType": "NVarChar"
    }
  },
  "InTransaction": true,
  "ConnectionOpened": false,
  "UnauthorizedAccessAllowed": false
}
IPAddress: ::1
Request: {
  "Method": "POST",
  "Url": "https://localhost:7102/Warehouse/AddProduct",
  "Path": "/Warehouse/AddProduct",
  "Query": [],
  "Body": "",
  "Form": {
    "Product.pType": "2",
    "Product.pName": "",
    "Product.pDesc": "",
    "Product.pBPrice": "",
    "Product.pSPrice": "",
    "Product.pAmount": "",
    "__RequestVerificationToken": "CfDJ8Dy3GDioeC5Iv8GnbSp3D-D1FeefF0i-mJPDdGpD-hG3MRWYlhWpA3ZgWWloqEE39frWKsEtB-kNy1bIe16kXxqnOa2cujfC1c6YVbOXWrJTugzsIJCu6_9rf8DyUnFL5POvdMqQmKT4z3RFfOcIVJIfJraxRvaowSfVKTasm8tKAXmX-kWdEMpjqKXxSSWyzA"
  },
  "Headers": {
    "Accept": [
      "text/html,application/xhtml+xml,application/xml;q=0.9,image/avif,image/webp,image/apng,*/*;q=0.8,application/signed-exchange;v=b3;q=0.9"
    ],
    "Host": [
      "localhost:7102"
    ],
    "User-Agent": [
      "Mozilla/5.0 (Windows NT 10.0; Win64; x64) AppleWebKit/537.36 (KHTML, like Gecko) Chrome/108.0.0.0 Safari/537.36"
    ],
    ":method": [
      "POST"
    ],
    "Accept-Encoding": [
      "gzip, deflate, br"
    ],
    "Accept-Language": [
      "en-GB,en;q=0.9,bg-BG;q=0.8,bg;q=0.7,en-US;q=0.6"
    ],
    "Cache-Control": [
      "max-age=0"
    ],
    "Content-Type": [
      "application/x-www-form-urlencoded"
    ],
    "Cookie": [
      ".AspNetCore.Antiforgery.1L9FrIpObnY=CfDJ8Dy3GDioeC5Iv8GnbSp3D-D7ltMsPm6Q9Qe3EE22OQEeH8ZcbZXV47e2cGQp-rxUAyxyV4wHw82LvMfzOsuLYvN4Vjd7oPw6c2d91khK5eUmda2lCi4ucdzfYdwet45fBl76Evu9wgL6w26z61LEdsc",
      "active_session=CfDJ8Dy3GDioeC5Iv8GnbSp3D-AJkeRxtQRWM4ZHrDC4t5S3MwXmOzclgvzUNwcrZakXKDOjuuM-CO6dryX7r-feqCTwwGTz1rZzj4V7wc2stTzn8Ot2JAdZj3kKXbdDa9vUm3-kdHqdvddd8jQfwwurmp1KUjprgyupMtNvrnrB2Gwol4XJff2EZPJLOjptCuggSkIOeQ5ZKxa3kRZb2ht76F4DTMzWedMTdnwMTe_mGVUYTNQ932vf-peD4MKBNn4MjSX4QDwRiltU4zjiSuO1zEzxsNB3PoIalK12MbupoJKjuTPwcujwOVuLL0pUrrBjo9I2qBn3jBl6AScx9q2Z2yFmlfRZRmhORVqo8efjajhvnYUmpBbFO6Bq0yTQJUkS8vUiSxEWhPFOa9Q75NuzLEsdRZ-WkTsn8xh4UM5FB8eEwDvuM4zGC7zw5ZdRgDn3xLYLH-dL2UlEoTgMVBEAwItTwZyVrOwIpusP0ss9xGAOhm21UDBxhqhyI0w1-bI-aOKxbGtf-A7fZ3qTzjp0jz4"
    ],
    "Origin": [
      "https://localhost:7102"
    ],
    "Referer": [
      "https://localhost:7102/"
    ],
    "Upgrade-Insecure-Requests": [
      "1"
    ],
    "Content-Length": [
      "322"
    ],
    "sec-ch-ua": [
      "\"Not?A_Brand\";v=\"8\", \"Chromium\";v=\"108\", \"Google Chrome\";v=\"108\""
    ],
    "sec-ch-ua-mobile": [
      "?0"
    ],
    "sec-ch-ua-platform": [
      "\"Windows\""
    ],
    "DNT": [
      "1"
    ],
    "sec-fetch-site": [
      "same-origin"
    ],
    "sec-fetch-mode": [
      "navigate"
    ],
    "sec-fetch-user": [
      "?1"
    ],
    "sec-fetch-dest": [
      "document"
    ]
  }
}
-------------------------------------------------

Time: 12:47:45
LogLevel: Error
Code: 0x9000101
Exception: {
  "ClassName": "System.Exception",
  "Message": "Dispose of $DbCommandBase",
  "Data": null,
  "InnerException": null,
  "HelpURL": null,
  "StackTraceString": null,
  "RemoteStackTraceString": null,
  "RemoteStackIndex": 0,
  "ExceptionMethod": null,
  "HResult": -2146233088,
  "Source": null,
  "WatsonBuckets": null
}
Parameters: {
  "command": "wh.SP_AddProduct",
  "parameters": {
    "@pTypeId": {
      "Value": "2",
      "SqlDbType": "NVarChar"
    },
    "@pName": {
      "Value": null,
      "SqlDbType": "NVarChar"
    },
    "@pDescription": {
      "Value": null,
      "SqlDbType": "NVarChar"
    },
    "@pImageB64": {
      "Value": null,
      "SqlDbType": "NVarChar"
    },
    "@pBoughtPrice": {
      "Value": 0.0,
      "SqlDbType": "Float"
    },
    "@pSellPrice": {
      "Value": 0.0,
      "SqlDbType": "Float"
    },
    "@pAmount": {
      "Value": 0,
      "SqlDbType": "Int"
    },
    "Parameter1": {
      "Value": null,
      "SqlDbType": "NVarChar"
    }
  },
  "InTransaction": true,
  "ConnectionOpened": false,
  "UnauthorizedAccessAllowed": false
}
IPAddress: ::1
Request: {
  "Method": "POST",
  "Url": "https://localhost:7102/Warehouse/AddProduct",
  "Path": "/Warehouse/AddProduct",
  "Query": [],
  "Body": "",
  "Form": {
    "Product.pType": "2",
    "Product.pName": "",
    "Product.pDesc": "",
    "Product.pBPrice": "",
    "Product.pSPrice": "",
    "Product.pAmount": "",
    "__RequestVerificationToken": "CfDJ8Dy3GDioeC5Iv8GnbSp3D-C7NLS5KsyHLSvX9Jb2vYIUwuzPFjmLZ_COFPCO3DzC9ShroXhfJievwxyZMiUVETKvSv4yyztKZuiTABAcxzeaRinmwYCaJYYNT8-VHuFzURGEjjISblemguRC-xjJZa0zLtS07FEa6thgSVh4B94WRcABm3ZBRERO-HfFVk6vVg"
  },
  "Headers": {
    "Accept": [
      "text/html,application/xhtml+xml,application/xml;q=0.9,image/avif,image/webp,image/apng,*/*;q=0.8,application/signed-exchange;v=b3;q=0.9"
    ],
    "Host": [
      "localhost:7102"
    ],
    "User-Agent": [
      "Mozilla/5.0 (Windows NT 10.0; Win64; x64) AppleWebKit/537.36 (KHTML, like Gecko) Chrome/108.0.0.0 Safari/537.36"
    ],
    ":method": [
      "POST"
    ],
    "Accept-Encoding": [
      "gzip, deflate, br"
    ],
    "Accept-Language": [
      "en-GB,en;q=0.9,bg-BG;q=0.8,bg;q=0.7,en-US;q=0.6"
    ],
    "Cache-Control": [
      "max-age=0"
    ],
    "Content-Type": [
      "application/x-www-form-urlencoded"
    ],
    "Cookie": [
      ".AspNetCore.Antiforgery.1L9FrIpObnY=CfDJ8Dy3GDioeC5Iv8GnbSp3D-D7ltMsPm6Q9Qe3EE22OQEeH8ZcbZXV47e2cGQp-rxUAyxyV4wHw82LvMfzOsuLYvN4Vjd7oPw6c2d91khK5eUmda2lCi4ucdzfYdwet45fBl76Evu9wgL6w26z61LEdsc",
      "active_session=CfDJ8Dy3GDioeC5Iv8GnbSp3D-AJkeRxtQRWM4ZHrDC4t5S3MwXmOzclgvzUNwcrZakXKDOjuuM-CO6dryX7r-feqCTwwGTz1rZzj4V7wc2stTzn8Ot2JAdZj3kKXbdDa9vUm3-kdHqdvddd8jQfwwurmp1KUjprgyupMtNvrnrB2Gwol4XJff2EZPJLOjptCuggSkIOeQ5ZKxa3kRZb2ht76F4DTMzWedMTdnwMTe_mGVUYTNQ932vf-peD4MKBNn4MjSX4QDwRiltU4zjiSuO1zEzxsNB3PoIalK12MbupoJKjuTPwcujwOVuLL0pUrrBjo9I2qBn3jBl6AScx9q2Z2yFmlfRZRmhORVqo8efjajhvnYUmpBbFO6Bq0yTQJUkS8vUiSxEWhPFOa9Q75NuzLEsdRZ-WkTsn8xh4UM5FB8eEwDvuM4zGC7zw5ZdRgDn3xLYLH-dL2UlEoTgMVBEAwItTwZyVrOwIpusP0ss9xGAOhm21UDBxhqhyI0w1-bI-aOKxbGtf-A7fZ3qTzjp0jz4"
    ],
    "Origin": [
      "https://localhost:7102"
    ],
    "Referer": [
      "https://localhost:7102/"
    ],
    "Upgrade-Insecure-Requests": [
      "1"
    ],
    "Content-Length": [
      "322"
    ],
    "sec-ch-ua": [
      "\"Not?A_Brand\";v=\"8\", \"Chromium\";v=\"108\", \"Google Chrome\";v=\"108\""
    ],
    "sec-ch-ua-mobile": [
      "?0"
    ],
    "sec-ch-ua-platform": [
      "\"Windows\""
    ],
    "DNT": [
      "1"
    ],
    "sec-fetch-site": [
      "same-origin"
    ],
    "sec-fetch-mode": [
      "navigate"
    ],
    "sec-fetch-user": [
      "?1"
    ],
    "sec-fetch-dest": [
      "document"
    ]
  }
}
-------------------------------------------------

Time: 12:49:34
LogLevel: Error
Code: 0x9000101
Exception: {
  "ClassName": "System.Exception",
  "Message": "Dispose of $DbCommandBase",
  "Data": null,
  "InnerException": null,
  "HelpURL": null,
  "StackTraceString": null,
  "RemoteStackTraceString": null,
  "RemoteStackIndex": 0,
  "ExceptionMethod": null,
  "HResult": -2146233088,
  "Source": null,
  "WatsonBuckets": null
}
Parameters: {
  "command": "wh.SP_AddProduct",
  "parameters": {
    "@pTypeId": {
      "Value": "2",
      "SqlDbType": "NVarChar"
    },
    "@pName": {
      "Value": null,
      "SqlDbType": "NVarChar"
    },
    "@pDescription": {
      "Value": null,
      "SqlDbType": "NVarChar"
    },
    "@pImageB64": {
      "Value": null,
      "SqlDbType": "NVarChar"
    },
    "@pBoughtPrice": {
      "Value": 0.0,
      "SqlDbType": "Float"
    },
    "@pSellPrice": {
      "Value": 0.0,
      "SqlDbType": "Float"
    },
    "@pAmount": {
      "Value": 0,
      "SqlDbType": "Int"
    },
    "Parameter1": {
      "Value": null,
      "SqlDbType": "NVarChar"
    }
  },
  "InTransaction": true,
  "ConnectionOpened": false,
  "UnauthorizedAccessAllowed": false
}
IPAddress: ::1
Request: {
  "Method": "POST",
  "Url": "https://localhost:7102/Warehouse/AddProduct",
  "Path": "/Warehouse/AddProduct",
  "Query": [],
  "Body": "",
  "Form": {
    "Product.pType": "2",
    "Product.pName": "",
    "Product.pDesc": "",
    "Product.pBPrice": "",
    "Product.pSPrice": "",
    "Product.pAmount": "",
    "__RequestVerificationToken": "CfDJ8Dy3GDioeC5Iv8GnbSp3D-BsNqcSykUVim0J6Flg-OydP4n7ZiTqo8x9lMVlADoyjAepfdS_IbrO0xwzcmWTLach7igvDypIH46pr7nsYsZxt6aIqqCq_p_HfT62qr1hMRiNLV_itwKBWajrfISOLFqsyZ4EvEOgp3m4bpB7uf3RLIMB0jCg8-MfXk-3OnTRDg"
  },
  "Headers": {
    "Accept": [
      "text/html,application/xhtml+xml,application/xml;q=0.9,image/avif,image/webp,image/apng,*/*;q=0.8,application/signed-exchange;v=b3;q=0.9"
    ],
    "Host": [
      "localhost:7102"
    ],
    "User-Agent": [
      "Mozilla/5.0 (Windows NT 10.0; Win64; x64) AppleWebKit/537.36 (KHTML, like Gecko) Chrome/108.0.0.0 Safari/537.36"
    ],
    ":method": [
      "POST"
    ],
    "Accept-Encoding": [
      "gzip, deflate, br"
    ],
    "Accept-Language": [
      "en-GB,en;q=0.9,bg-BG;q=0.8,bg;q=0.7,en-US;q=0.6"
    ],
    "Cache-Control": [
      "max-age=0"
    ],
    "Content-Type": [
      "application/x-www-form-urlencoded"
    ],
    "Cookie": [
      ".AspNetCore.Antiforgery.1L9FrIpObnY=CfDJ8Dy3GDioeC5Iv8GnbSp3D-D7ltMsPm6Q9Qe3EE22OQEeH8ZcbZXV47e2cGQp-rxUAyxyV4wHw82LvMfzOsuLYvN4Vjd7oPw6c2d91khK5eUmda2lCi4ucdzfYdwet45fBl76Evu9wgL6w26z61LEdsc",
      "active_session=CfDJ8Dy3GDioeC5Iv8GnbSp3D-AJkeRxtQRWM4ZHrDC4t5S3MwXmOzclgvzUNwcrZakXKDOjuuM-CO6dryX7r-feqCTwwGTz1rZzj4V7wc2stTzn8Ot2JAdZj3kKXbdDa9vUm3-kdHqdvddd8jQfwwurmp1KUjprgyupMtNvrnrB2Gwol4XJff2EZPJLOjptCuggSkIOeQ5ZKxa3kRZb2ht76F4DTMzWedMTdnwMTe_mGVUYTNQ932vf-peD4MKBNn4MjSX4QDwRiltU4zjiSuO1zEzxsNB3PoIalK12MbupoJKjuTPwcujwOVuLL0pUrrBjo9I2qBn3jBl6AScx9q2Z2yFmlfRZRmhORVqo8efjajhvnYUmpBbFO6Bq0yTQJUkS8vUiSxEWhPFOa9Q75NuzLEsdRZ-WkTsn8xh4UM5FB8eEwDvuM4zGC7zw5ZdRgDn3xLYLH-dL2UlEoTgMVBEAwItTwZyVrOwIpusP0ss9xGAOhm21UDBxhqhyI0w1-bI-aOKxbGtf-A7fZ3qTzjp0jz4"
    ],
    "Origin": [
      "https://localhost:7102"
    ],
    "Referer": [
      "https://localhost:7102/"
    ],
    "Upgrade-Insecure-Requests": [
      "1"
    ],
    "Content-Length": [
      "322"
    ],
    "sec-ch-ua": [
      "\"Not?A_Brand\";v=\"8\", \"Chromium\";v=\"108\", \"Google Chrome\";v=\"108\""
    ],
    "sec-ch-ua-mobile": [
      "?0"
    ],
    "sec-ch-ua-platform": [
      "\"Windows\""
    ],
    "DNT": [
      "1"
    ],
    "sec-fetch-site": [
      "same-origin"
    ],
    "sec-fetch-mode": [
      "navigate"
    ],
    "sec-fetch-user": [
      "?1"
    ],
    "sec-fetch-dest": [
      "document"
    ]
  }
}
-------------------------------------------------

Time: 12:51:57
LogLevel: Error
Code: GetProducts
Exception: {
  "ClientTitle": "Error",
  "ClientMessage": "Could not establish connection.",
  "Callback": "NONE",
  "Handler": "NONE",
  "Args": null,
  "StatusCode": "GatewayTimeout",
  "Message": "Connection Timeout Expired.  The timeout period elapsed while attempting to consume the pre-login handshake acknowledgement.  This could be because the pre-login handshake failed or the server was unable to respond back in time.  The duration spent while attempting to connect to this server was - [Pre-Login] initialization=15075; handshake=20; ",
  "Data": {},
  "InnerException": null,
  "HelpLink": null,
  "Source": "Warehouse.Manager",
  "HResult": -2146233088,
  "StackTrace": "   at Warehouse.Manager.Services.DbCommandBase.ConnectionOpen() in D:\\Shared drives\\Projects\\ServerLangs_1701261030\\Warehouse.Manager\\Services\\DbCommandBase.cs:line 71\r\n   at Warehouse.Manager.Services.DbCommandBase.GetTableResult(String stmt, List`1 parameters) in D:\\Shared drives\\Projects\\ServerLangs_1701261030\\Warehouse.Manager\\Services\\DbCommandBase.cs:line 139\r\n   at Warehouse.Manager.Services.DbCommandBase.GetListResult[T](String stmt, List`1 parameters) in D:\\Shared drives\\Projects\\ServerLangs_1701261030\\Warehouse.Manager\\Services\\DbCommandBase.cs:line 411\r\n   at Warehouse.Manager.Services.DbDataScopedService.GetProducts(Nullable`1 typeID, String name) in D:\\Shared drives\\Projects\\ServerLangs_1701261030\\Warehouse.Manager\\Services\\DbDataScopedService.cs:line 79"
}
Parameters: {
  "ClientIPAddress": null
}
IPAddress: ::1
Request: {
  "Method": "GET",
  "Url": "https://localhost:7102/",
  "Path": "/",
  "Query": [],
  "Body": "",
  "Form": null,
  "Headers": {
    "Accept": [
      "text/html,application/xhtml+xml,application/xml;q=0.9,image/avif,image/webp,image/apng,*/*;q=0.8,application/signed-exchange;v=b3;q=0.9"
    ],
    "Host": [
      "localhost:7102"
    ],
    "User-Agent": [
      "Mozilla/5.0 (Windows NT 10.0; Win64; x64) AppleWebKit/537.36 (KHTML, like Gecko) Chrome/108.0.0.0 Safari/537.36"
    ],
    ":method": [
      "GET"
    ],
    "Accept-Encoding": [
      "gzip, deflate, br"
    ],
    "Accept-Language": [
      "en-GB,en;q=0.9,bg-BG;q=0.8,bg;q=0.7,en-US;q=0.6"
    ],
    "Cookie": [
      ".AspNetCore.Antiforgery.1L9FrIpObnY=CfDJ8Dy3GDioeC5Iv8GnbSp3D-D7ltMsPm6Q9Qe3EE22OQEeH8ZcbZXV47e2cGQp-rxUAyxyV4wHw82LvMfzOsuLYvN4Vjd7oPw6c2d91khK5eUmda2lCi4ucdzfYdwet45fBl76Evu9wgL6w26z61LEdsc",
      "active_session=CfDJ8Dy3GDioeC5Iv8GnbSp3D-AJkeRxtQRWM4ZHrDC4t5S3MwXmOzclgvzUNwcrZakXKDOjuuM-CO6dryX7r-feqCTwwGTz1rZzj4V7wc2stTzn8Ot2JAdZj3kKXbdDa9vUm3-kdHqdvddd8jQfwwurmp1KUjprgyupMtNvrnrB2Gwol4XJff2EZPJLOjptCuggSkIOeQ5ZKxa3kRZb2ht76F4DTMzWedMTdnwMTe_mGVUYTNQ932vf-peD4MKBNn4MjSX4QDwRiltU4zjiSuO1zEzxsNB3PoIalK12MbupoJKjuTPwcujwOVuLL0pUrrBjo9I2qBn3jBl6AScx9q2Z2yFmlfRZRmhORVqo8efjajhvnYUmpBbFO6Bq0yTQJUkS8vUiSxEWhPFOa9Q75NuzLEsdRZ-WkTsn8xh4UM5FB8eEwDvuM4zGC7zw5ZdRgDn3xLYLH-dL2UlEoTgMVBEAwItTwZyVrOwIpusP0ss9xGAOhm21UDBxhqhyI0w1-bI-aOKxbGtf-A7fZ3qTzjp0jz4"
    ],
    "Upgrade-Insecure-Requests": [
      "1"
    ],
    "sec-ch-ua": [
      "\"Not?A_Brand\";v=\"8\", \"Chromium\";v=\"108\", \"Google Chrome\";v=\"108\""
    ],
    "sec-ch-ua-mobile": [
      "?0"
    ],
    "sec-ch-ua-platform": [
      "\"Windows\""
    ],
    "DNT": [
      "1"
    ],
    "sec-fetch-site": [
      "none"
    ],
    "sec-fetch-mode": [
      "navigate"
    ],
    "sec-fetch-user": [
      "?1"
    ],
    "sec-fetch-dest": [
      "document"
    ]
  }
}
-------------------------------------------------

Time: 12:52:00
LogLevel: Error
Code: GetProducts
Exception: {
  "ClientTitle": "Error",
  "ClientMessage": "Could not establish connection.",
  "Callback": "NONE",
  "Handler": "NONE",
  "Args": null,
  "StatusCode": "GatewayTimeout",
  "Message": "Connection Timeout Expired.  The timeout period elapsed while attempting to consume the pre-login handshake acknowledgement.  This could be because the pre-login handshake failed or the server was unable to respond back in time.  The duration spent while attempting to connect to this server was - [Pre-Login] initialization=15075; handshake=20; ",
  "Data": {},
  "InnerException": null,
  "HelpLink": null,
  "Source": "Warehouse.Manager",
  "HResult": -2146233088,
  "StackTrace": "   at Warehouse.Manager.Services.DbCommandBase.ConnectionOpen() in D:\\Shared drives\\Projects\\ServerLangs_1701261030\\Warehouse.Manager\\Services\\DbCommandBase.cs:line 71\r\n   at Warehouse.Manager.Services.DbCommandBase.GetTableResult(String stmt, List`1 parameters) in D:\\Shared drives\\Projects\\ServerLangs_1701261030\\Warehouse.Manager\\Services\\DbCommandBase.cs:line 139\r\n   at Warehouse.Manager.Services.DbCommandBase.GetListResult[T](String stmt, List`1 parameters) in D:\\Shared drives\\Projects\\ServerLangs_1701261030\\Warehouse.Manager\\Services\\DbCommandBase.cs:line 411\r\n   at Warehouse.Manager.Services.DbDataScopedService.GetProducts(Nullable`1 typeID, String name) in D:\\Shared drives\\Projects\\ServerLangs_1701261030\\Warehouse.Manager\\Services\\DbDataScopedService.cs:line 79"
}
Parameters: {
  "ClientIPAddress": null
}
IPAddress: ::1
Request: {
  "Method": "GET",
  "Url": "https://localhost:7102/",
  "Path": "/",
  "Query": [],
  "Body": "",
  "Form": null,
  "Headers": {
    "Accept": [
      "text/html,application/xhtml+xml,application/xml;q=0.9,image/avif,image/webp,image/apng,*/*;q=0.8,application/signed-exchange;v=b3;q=0.9"
    ],
    "Host": [
      "localhost:7102"
    ],
    "User-Agent": [
      "Mozilla/5.0 (Windows NT 10.0; Win64; x64) AppleWebKit/537.36 (KHTML, like Gecko) Chrome/108.0.0.0 Safari/537.36"
    ],
    ":method": [
      "GET"
    ],
    "Accept-Encoding": [
      "gzip, deflate, br"
    ],
    "Accept-Language": [
      "en-GB,en;q=0.9,bg-BG;q=0.8,bg;q=0.7,en-US;q=0.6"
    ],
    "Cache-Control": [
      "max-age=0"
    ],
    "Cookie": [
      ".AspNetCore.Antiforgery.1L9FrIpObnY=CfDJ8Dy3GDioeC5Iv8GnbSp3D-D7ltMsPm6Q9Qe3EE22OQEeH8ZcbZXV47e2cGQp-rxUAyxyV4wHw82LvMfzOsuLYvN4Vjd7oPw6c2d91khK5eUmda2lCi4ucdzfYdwet45fBl76Evu9wgL6w26z61LEdsc",
      "active_session=CfDJ8Dy3GDioeC5Iv8GnbSp3D-AJkeRxtQRWM4ZHrDC4t5S3MwXmOzclgvzUNwcrZakXKDOjuuM-CO6dryX7r-feqCTwwGTz1rZzj4V7wc2stTzn8Ot2JAdZj3kKXbdDa9vUm3-kdHqdvddd8jQfwwurmp1KUjprgyupMtNvrnrB2Gwol4XJff2EZPJLOjptCuggSkIOeQ5ZKxa3kRZb2ht76F4DTMzWedMTdnwMTe_mGVUYTNQ932vf-peD4MKBNn4MjSX4QDwRiltU4zjiSuO1zEzxsNB3PoIalK12MbupoJKjuTPwcujwOVuLL0pUrrBjo9I2qBn3jBl6AScx9q2Z2yFmlfRZRmhORVqo8efjajhvnYUmpBbFO6Bq0yTQJUkS8vUiSxEWhPFOa9Q75NuzLEsdRZ-WkTsn8xh4UM5FB8eEwDvuM4zGC7zw5ZdRgDn3xLYLH-dL2UlEoTgMVBEAwItTwZyVrOwIpusP0ss9xGAOhm21UDBxhqhyI0w1-bI-aOKxbGtf-A7fZ3qTzjp0jz4"
    ],
    "Upgrade-Insecure-Requests": [
      "1"
    ],
    "sec-ch-ua": [
      "\"Not?A_Brand\";v=\"8\", \"Chromium\";v=\"108\", \"Google Chrome\";v=\"108\""
    ],
    "sec-ch-ua-mobile": [
      "?0"
    ],
    "sec-ch-ua-platform": [
      "\"Windows\""
    ],
    "DNT": [
      "1"
    ],
    "sec-fetch-site": [
      "none"
    ],
    "sec-fetch-mode": [
      "navigate"
    ],
    "sec-fetch-user": [
      "?1"
    ],
    "sec-fetch-dest": [
      "document"
    ]
  }
}
-------------------------------------------------

Time: 13:44:06
LogLevel: Error
Code: GetProducts
Exception: {
  "ClientTitle": "Error",
  "ClientMessage": "Could not establish connection.",
  "Callback": "NONE",
  "Handler": "NONE",
  "Args": null,
  "StatusCode": "GatewayTimeout",
  "Message": "Could not close the connection. Current connection state is Open.",
  "Data": {},
  "InnerException": null,
  "HelpLink": null,
  "Source": "Warehouse.Manager",
  "HResult": -2146233088,
  "StackTrace": "   at Warehouse.Manager.Services.DbCommandBase.ConnectionClose(Boolean force)\r\n   at Warehouse.Manager.Services.DbCommandBase.GetTableResult(String stmt, List`1 parameters)\r\n   at Warehouse.Manager.Services.DbCommandBase.GetListResult[T](String stmt, List`1 parameters)\r\n   at Warehouse.Manager.Services.DbDataScopedService.GetProducts(Nullable`1 typeID, String name)"
}
Parameters: {
  "ClientIPAddress": null
}
IPAddress: ::1
Request: {
  "Method": "POST",
  "Url": "https://localhost:7102/Warehouse/AddProduct",
  "Path": "/Warehouse/AddProduct",
  "Query": [],
  "Body": "",
  "Form": {
    "Product.pType": "2",
    "Product.pName": "dwadwdawdaw",
    "Product.pDesc": "",
    "Product.pBPrice": "",
    "Product.pSPrice": "",
    "Product.pAmount": "",
    "__RequestVerificationToken": "CfDJ8Dy3GDioeC5Iv8GnbSp3D-CC71ZQ-HWechO04sivQCIWr4Lq093prpdmz0pLCpSuU5QiDhg5gmpPe9ozsCw1GnoMrcfpY-hEKTmYxa7Vxpjw0wjEWnEEv7GGf3qU9FzxTvO9IAaz-tfmsZHLiUXcTk63IIZTsvKCssUNlR91sokzUbLictf7VbTEvY-akw7piw"
  },
  "Headers": {
    "Accept": [
      "text/html,application/xhtml+xml,application/xml;q=0.9,image/avif,image/webp,image/apng,*/*;q=0.8,application/signed-exchange;v=b3;q=0.9"
    ],
    "Host": [
      "localhost:7102"
    ],
    "User-Agent": [
      "Mozilla/5.0 (Windows NT 10.0; Win64; x64) AppleWebKit/537.36 (KHTML, like Gecko) Chrome/108.0.0.0 Safari/537.36"
    ],
    ":method": [
      "POST"
    ],
    "Accept-Encoding": [
      "gzip, deflate, br"
    ],
    "Accept-Language": [
      "en-GB,en;q=0.9,bg-BG;q=0.8,bg;q=0.7,en-US;q=0.6"
    ],
    "Cache-Control": [
      "max-age=0"
    ],
    "Content-Type": [
      "application/x-www-form-urlencoded"
    ],
    "Cookie": [
      ".AspNetCore.Antiforgery.1L9FrIpObnY=CfDJ8Dy3GDioeC5Iv8GnbSp3D-D7ltMsPm6Q9Qe3EE22OQEeH8ZcbZXV47e2cGQp-rxUAyxyV4wHw82LvMfzOsuLYvN4Vjd7oPw6c2d91khK5eUmda2lCi4ucdzfYdwet45fBl76Evu9wgL6w26z61LEdsc",
      "active_session=CfDJ8Dy3GDioeC5Iv8GnbSp3D-DXBXnsoQVlRab-1__OlpPwzMFxsBuTKx0HIetczZ7Swr2QrnWUVRJkO-afrKffff67Tus4w0LdJf6CblMkJjvfCorbVegHv_Mp0F6gnCtuh4ExYZKFqpuQ-baQ9Dhe0nFJxZqP3WVgibK0vYLO-Fdn3nmkXiy8lh03PsV82Uf4I4zI01gn3o6yUHQAmz4hd7su8sJjP0zbWmcBlgWCazQwYFdSUBf6_pdGt8qC6i8OF4otfl0kn_wuAOwmBlQ8PnrIoOA9BTnuBXoL6OhUpuY6oIWzxMdYOp30IkQJdstiSFdZT66wbjevJ9FLtg-8TSX1LsTkIsDs35TUaOXGcCd56nK8RDJ76TCNZ0bMQlDPZyvponPo9jlw4x3SpX6Xo-kJc6wuVoyUCtu9qpEcnw3ke-rCcEo7LoCi_IlVVR4czVDCn6g1m2MO4rdPk5354ATmmSnVUS42WIBtFkOLyP9uPw8cld-C1nfBzqkyl4uN0BzHVG9k4q4t4bcJuXgj12g"
    ],
    "Origin": [
      "https://localhost:7102"
    ],
    "Referer": [
      "https://localhost:7102/Warehouse/AddProduct"
    ],
    "Upgrade-Insecure-Requests": [
      "1"
    ],
    "Content-Length": [
      "333"
    ],
    "sec-ch-ua": [
      "\"Not?A_Brand\";v=\"8\", \"Chromium\";v=\"108\", \"Google Chrome\";v=\"108\""
    ],
    "sec-ch-ua-mobile": [
      "?0"
    ],
    "sec-ch-ua-platform": [
      "\"Windows\""
    ],
    "DNT": [
      "1"
    ],
    "sec-fetch-site": [
      "same-origin"
    ],
    "sec-fetch-mode": [
      "navigate"
    ],
    "sec-fetch-dest": [
      "document"
    ]
  }
}
-------------------------------------------------

Time: 13:44:07
LogLevel: Error
Code: 0x9000101
Exception: {
  "ClassName": "System.Exception",
  "Message": "Dispose of $DbCommandBase",
  "Data": null,
  "InnerException": null,
  "HelpURL": null,
  "StackTraceString": null,
  "RemoteStackTraceString": null,
  "RemoteStackIndex": 0,
  "ExceptionMethod": null,
  "HResult": -2146233088,
  "Source": null,
  "WatsonBuckets": null
}
Parameters: {
  "command": "",
  "parameters": {},
  "InTransaction": false,
  "ConnectionOpened": true,
  "UnauthorizedAccessAllowed": false
}
IPAddress: ::1
Request: {
  "Method": "POST",
  "Url": "https://localhost:7102/Warehouse/AddProduct",
  "Path": "/Warehouse/AddProduct",
  "Query": [],
  "Body": "",
  "Form": {
    "Product.pType": "2",
    "Product.pName": "dwadwdawdaw",
    "Product.pDesc": "",
    "Product.pBPrice": "",
    "Product.pSPrice": "",
    "Product.pAmount": "",
    "__RequestVerificationToken": "CfDJ8Dy3GDioeC5Iv8GnbSp3D-CC71ZQ-HWechO04sivQCIWr4Lq093prpdmz0pLCpSuU5QiDhg5gmpPe9ozsCw1GnoMrcfpY-hEKTmYxa7Vxpjw0wjEWnEEv7GGf3qU9FzxTvO9IAaz-tfmsZHLiUXcTk63IIZTsvKCssUNlR91sokzUbLictf7VbTEvY-akw7piw"
  },
  "Headers": {
    "Accept": [
      "text/html,application/xhtml+xml,application/xml;q=0.9,image/avif,image/webp,image/apng,*/*;q=0.8,application/signed-exchange;v=b3;q=0.9"
    ],
    "Host": [
      "localhost:7102"
    ],
    "User-Agent": [
      "Mozilla/5.0 (Windows NT 10.0; Win64; x64) AppleWebKit/537.36 (KHTML, like Gecko) Chrome/108.0.0.0 Safari/537.36"
    ],
    ":method": [
      "POST"
    ],
    "Accept-Encoding": [
      "gzip, deflate, br"
    ],
    "Accept-Language": [
      "en-GB,en;q=0.9,bg-BG;q=0.8,bg;q=0.7,en-US;q=0.6"
    ],
    "Cache-Control": [
      "max-age=0"
    ],
    "Content-Type": [
      "application/x-www-form-urlencoded"
    ],
    "Cookie": [
      ".AspNetCore.Antiforgery.1L9FrIpObnY=CfDJ8Dy3GDioeC5Iv8GnbSp3D-D7ltMsPm6Q9Qe3EE22OQEeH8ZcbZXV47e2cGQp-rxUAyxyV4wHw82LvMfzOsuLYvN4Vjd7oPw6c2d91khK5eUmda2lCi4ucdzfYdwet45fBl76Evu9wgL6w26z61LEdsc",
      "active_session=CfDJ8Dy3GDioeC5Iv8GnbSp3D-DXBXnsoQVlRab-1__OlpPwzMFxsBuTKx0HIetczZ7Swr2QrnWUVRJkO-afrKffff67Tus4w0LdJf6CblMkJjvfCorbVegHv_Mp0F6gnCtuh4ExYZKFqpuQ-baQ9Dhe0nFJxZqP3WVgibK0vYLO-Fdn3nmkXiy8lh03PsV82Uf4I4zI01gn3o6yUHQAmz4hd7su8sJjP0zbWmcBlgWCazQwYFdSUBf6_pdGt8qC6i8OF4otfl0kn_wuAOwmBlQ8PnrIoOA9BTnuBXoL6OhUpuY6oIWzxMdYOp30IkQJdstiSFdZT66wbjevJ9FLtg-8TSX1LsTkIsDs35TUaOXGcCd56nK8RDJ76TCNZ0bMQlDPZyvponPo9jlw4x3SpX6Xo-kJc6wuVoyUCtu9qpEcnw3ke-rCcEo7LoCi_IlVVR4czVDCn6g1m2MO4rdPk5354ATmmSnVUS42WIBtFkOLyP9uPw8cld-C1nfBzqkyl4uN0BzHVG9k4q4t4bcJuXgj12g"
    ],
    "Origin": [
      "https://localhost:7102"
    ],
    "Referer": [
      "https://localhost:7102/Warehouse/AddProduct"
    ],
    "Upgrade-Insecure-Requests": [
      "1"
    ],
    "Content-Length": [
      "333"
    ],
    "sec-ch-ua": [
      "\"Not?A_Brand\";v=\"8\", \"Chromium\";v=\"108\", \"Google Chrome\";v=\"108\""
    ],
    "sec-ch-ua-mobile": [
      "?0"
    ],
    "sec-ch-ua-platform": [
      "\"Windows\""
    ],
    "DNT": [
      "1"
    ],
    "sec-fetch-site": [
      "same-origin"
    ],
    "sec-fetch-mode": [
      "navigate"
    ],
    "sec-fetch-dest": [
      "document"
    ]
  }
}
-------------------------------------------------

Time: 16:53:27
LogLevel: Error
Code: GetProducts
Exception: {
  "ClientTitle": "Error",
  "ClientMessage": "Could not establish connection.",
  "Callback": "NONE",
  "Handler": "NONE",
  "Args": null,
  "StatusCode": "GatewayTimeout",
  "Message": "Could not close the connection. Current connection state is Open.",
  "Data": {},
  "InnerException": null,
  "HelpLink": null,
  "Source": "Warehouse.Manager",
  "HResult": -2146233088,
  "StackTrace": "   at Warehouse.Manager.Services.DbCommandBase.ConnectionClose(Boolean force)\r\n   at Warehouse.Manager.Services.DbCommandBase.GetTableResult(String stmt, List`1 parameters)\r\n   at Warehouse.Manager.Services.DbCommandBase.GetListResult[T](String stmt, List`1 parameters)\r\n   at Warehouse.Manager.Services.DbDataScopedService.GetProducts(Nullable`1 typeID, String name)"
}
Parameters: {
  "ClientIPAddress": null
}
IPAddress: ::1
Request: {
  "Method": "POST",
  "Url": "https://localhost:7102/Warehouse/AddProduct",
  "Path": "/Warehouse/AddProduct",
  "Query": [],
  "Body": "",
  "Form": {
    "AddProductSelected": "true,false",
    "Product.pType": "2",
    "Product.pName": "awdawdaw",
    "Product.pDesc": "",
    "Product.pBPrice": "",
    "Product.pSPrice": "",
    "Product.pAmount": "",
    "__RequestVerificationToken": "CfDJ8Dy3GDioeC5Iv8GnbSp3D-AbGVmNRWe4mgUnWyVPFNBDlDlqP5dVVdDXKgpAjVWSRmP5wFZN1jiBnHZwoOaIpiYdV3l1g9Y81TUV3hLPxZdy7-YzJEWDzxUyZpQLb4uLobpDSADrhS-G0eo4KYHKeCIqv3DsgChTCV0yMFRu-FjvMY7RHJrYCq5t1M9m1lNrZA"
  },
  "Headers": {
    "Accept": [
      "text/html,application/xhtml+xml,application/xml;q=0.9,image/avif,image/webp,image/apng,*/*;q=0.8,application/signed-exchange;v=b3;q=0.9"
    ],
    "Host": [
      "localhost:7102"
    ],
    "User-Agent": [
      "Mozilla/5.0 (Windows NT 10.0; Win64; x64) AppleWebKit/537.36 (KHTML, like Gecko) Chrome/108.0.0.0 Safari/537.36"
    ],
    ":method": [
      "POST"
    ],
    "Accept-Encoding": [
      "gzip, deflate, br"
    ],
    "Accept-Language": [
      "en-GB,en;q=0.9,bg-BG;q=0.8,bg;q=0.7,en-US;q=0.6"
    ],
    "Cache-Control": [
      "max-age=0"
    ],
    "Content-Type": [
      "application/x-www-form-urlencoded"
    ],
    "Cookie": [
      ".AspNetCore.Antiforgery.1L9FrIpObnY=CfDJ8Dy3GDioeC5Iv8GnbSp3D-D7ltMsPm6Q9Qe3EE22OQEeH8ZcbZXV47e2cGQp-rxUAyxyV4wHw82LvMfzOsuLYvN4Vjd7oPw6c2d91khK5eUmda2lCi4ucdzfYdwet45fBl76Evu9wgL6w26z61LEdsc",
      "active_session=CfDJ8Dy3GDioeC5Iv8GnbSp3D-AhgrRa8MP-BlpLwbagNB6Ht4ZBTJ32dHaZWYG40LgOBn9lRsoskhvwZ3WkzeRb9HHH3_WlivGzJhm1yufvMcruFOji5Kc4u9S3QqdYOxb5aKb2kuS63mJWeMzrJ4tXQxWcTJ8MAOOlgzmm3AiTvQYp_6a9zqUNakPcCL2lrrnqtA4JWXF5LvjxZ0imGeGXqSOdn8cJo7oM--7oTORdBWkbckrECIYwJKySDbjC0dAI0EJZvJc8NG56xs71L8yOuH2oCjO0M8xNmOCiPjvUzheK-LJyBcyJZ2RnQzH8lPgQOUb7V1f7k9C2OFSUr_KH-FgrZCYgfyGJOs8atcQR2rWaq3xgzpRmFucbVNQp91EolxAQ6h9IEoWuVDZpThnywLExvTzcu7sQCQ8ksoQsFxZgpulZ9Gfq64cmhTuPJ1CAbEFZKow8JePOgBgFebIP6MGlLUPqmdqtYVJKvlgfttaTgZ-rQbRh-SW-z1HjwXvctlNCNyD-K1kiEtu61Mq3aJY"
    ],
    "Origin": [
      "https://localhost:7102"
    ],
    "Referer": [
      "https://localhost:7102/Warehouse/AddProduct"
    ],
    "Upgrade-Insecure-Requests": [
      "1"
    ],
    "Content-Length": [
      "379"
    ],
    "sec-ch-ua": [
      "\"Not?A_Brand\";v=\"8\", \"Chromium\";v=\"108\", \"Google Chrome\";v=\"108\""
    ],
    "sec-ch-ua-mobile": [
      "?0"
    ],
    "sec-ch-ua-platform": [
      "\"Windows\""
    ],
    "DNT": [
      "1"
    ],
    "sec-fetch-site": [
      "same-origin"
    ],
    "sec-fetch-mode": [
      "navigate"
    ],
    "sec-fetch-dest": [
      "document"
    ]
  }
}
-------------------------------------------------

Time: 16:53:28
LogLevel: Error
Code: 0x9000101
Exception: {
  "ClassName": "System.Exception",
  "Message": "Dispose of $DbCommandBase",
  "Data": null,
  "InnerException": null,
  "HelpURL": null,
  "StackTraceString": null,
  "RemoteStackTraceString": null,
  "RemoteStackIndex": 0,
  "ExceptionMethod": null,
  "HResult": -2146233088,
  "Source": null,
  "WatsonBuckets": null
}
Parameters: {
  "command": "",
  "parameters": {},
  "InTransaction": false,
  "ConnectionOpened": true,
  "UnauthorizedAccessAllowed": false
}
IPAddress: ::1
Request: {
  "Method": "POST",
  "Url": "https://localhost:7102/Warehouse/AddProduct",
  "Path": "/Warehouse/AddProduct",
  "Query": [],
  "Body": "",
  "Form": {
    "AddProductSelected": "true,false",
    "Product.pType": "2",
    "Product.pName": "awdawdaw",
    "Product.pDesc": "",
    "Product.pBPrice": "",
    "Product.pSPrice": "",
    "Product.pAmount": "",
    "__RequestVerificationToken": "CfDJ8Dy3GDioeC5Iv8GnbSp3D-AbGVmNRWe4mgUnWyVPFNBDlDlqP5dVVdDXKgpAjVWSRmP5wFZN1jiBnHZwoOaIpiYdV3l1g9Y81TUV3hLPxZdy7-YzJEWDzxUyZpQLb4uLobpDSADrhS-G0eo4KYHKeCIqv3DsgChTCV0yMFRu-FjvMY7RHJrYCq5t1M9m1lNrZA"
  },
  "Headers": {
    "Accept": [
      "text/html,application/xhtml+xml,application/xml;q=0.9,image/avif,image/webp,image/apng,*/*;q=0.8,application/signed-exchange;v=b3;q=0.9"
    ],
    "Host": [
      "localhost:7102"
    ],
    "User-Agent": [
      "Mozilla/5.0 (Windows NT 10.0; Win64; x64) AppleWebKit/537.36 (KHTML, like Gecko) Chrome/108.0.0.0 Safari/537.36"
    ],
    ":method": [
      "POST"
    ],
    "Accept-Encoding": [
      "gzip, deflate, br"
    ],
    "Accept-Language": [
      "en-GB,en;q=0.9,bg-BG;q=0.8,bg;q=0.7,en-US;q=0.6"
    ],
    "Cache-Control": [
      "max-age=0"
    ],
    "Content-Type": [
      "application/x-www-form-urlencoded"
    ],
    "Cookie": [
      ".AspNetCore.Antiforgery.1L9FrIpObnY=CfDJ8Dy3GDioeC5Iv8GnbSp3D-D7ltMsPm6Q9Qe3EE22OQEeH8ZcbZXV47e2cGQp-rxUAyxyV4wHw82LvMfzOsuLYvN4Vjd7oPw6c2d91khK5eUmda2lCi4ucdzfYdwet45fBl76Evu9wgL6w26z61LEdsc",
      "active_session=CfDJ8Dy3GDioeC5Iv8GnbSp3D-AhgrRa8MP-BlpLwbagNB6Ht4ZBTJ32dHaZWYG40LgOBn9lRsoskhvwZ3WkzeRb9HHH3_WlivGzJhm1yufvMcruFOji5Kc4u9S3QqdYOxb5aKb2kuS63mJWeMzrJ4tXQxWcTJ8MAOOlgzmm3AiTvQYp_6a9zqUNakPcCL2lrrnqtA4JWXF5LvjxZ0imGeGXqSOdn8cJo7oM--7oTORdBWkbckrECIYwJKySDbjC0dAI0EJZvJc8NG56xs71L8yOuH2oCjO0M8xNmOCiPjvUzheK-LJyBcyJZ2RnQzH8lPgQOUb7V1f7k9C2OFSUr_KH-FgrZCYgfyGJOs8atcQR2rWaq3xgzpRmFucbVNQp91EolxAQ6h9IEoWuVDZpThnywLExvTzcu7sQCQ8ksoQsFxZgpulZ9Gfq64cmhTuPJ1CAbEFZKow8JePOgBgFebIP6MGlLUPqmdqtYVJKvlgfttaTgZ-rQbRh-SW-z1HjwXvctlNCNyD-K1kiEtu61Mq3aJY"
    ],
    "Origin": [
      "https://localhost:7102"
    ],
    "Referer": [
      "https://localhost:7102/Warehouse/AddProduct"
    ],
    "Upgrade-Insecure-Requests": [
      "1"
    ],
    "Content-Length": [
      "379"
    ],
    "sec-ch-ua": [
      "\"Not?A_Brand\";v=\"8\", \"Chromium\";v=\"108\", \"Google Chrome\";v=\"108\""
    ],
    "sec-ch-ua-mobile": [
      "?0"
    ],
    "sec-ch-ua-platform": [
      "\"Windows\""
    ],
    "DNT": [
      "1"
    ],
    "sec-fetch-site": [
      "same-origin"
    ],
    "sec-fetch-mode": [
      "navigate"
    ],
    "sec-fetch-dest": [
      "document"
    ]
  }
}
-------------------------------------------------

Time: 16:53:36
LogLevel: Error
Code: GetProducts
Exception: {
  "ClientTitle": "Error",
  "ClientMessage": "Could not establish connection.",
  "Callback": "NONE",
  "Handler": "NONE",
  "Args": null,
  "StatusCode": "GatewayTimeout",
  "Message": "Connection Timeout Expired.  The timeout period elapsed while attempting to consume the pre-login handshake acknowledgement.  This could be because the pre-login handshake failed or the server was unable to respond back in time.  The duration spent while attempting to connect to this server was - [Pre-Login] initialization=15024; handshake=4; ",
  "Data": {},
  "InnerException": null,
  "HelpLink": null,
  "Source": "Warehouse.Manager",
  "HResult": -2146233088,
  "StackTrace": "   at Warehouse.Manager.Services.DbCommandBase.ConnectionOpen()\r\n   at Warehouse.Manager.Services.DbCommandBase.GetTableResult(String stmt, List`1 parameters)\r\n   at Warehouse.Manager.Services.DbCommandBase.GetListResult[T](String stmt, List`1 parameters)\r\n   at Warehouse.Manager.Services.DbDataScopedService.GetProducts(Nullable`1 typeID, String name)"
}
Parameters: {
  "ClientIPAddress": null
}
IPAddress: ::1
Request: {
  "Method": "POST",
  "Url": "https://localhost:7102/Warehouse/AddProduct",
  "Path": "/Warehouse/AddProduct",
  "Query": [],
  "Body": "",
  "Form": {
    "AddProductSelected": "true,false",
    "Product.pType": "2",
    "Product.pName": "awdawdaw",
    "Product.pDesc": "",
    "Product.pBPrice": "",
    "Product.pSPrice": "",
    "Product.pAmount": "",
    "__RequestVerificationToken": "CfDJ8Dy3GDioeC5Iv8GnbSp3D-AbGVmNRWe4mgUnWyVPFNBDlDlqP5dVVdDXKgpAjVWSRmP5wFZN1jiBnHZwoOaIpiYdV3l1g9Y81TUV3hLPxZdy7-YzJEWDzxUyZpQLb4uLobpDSADrhS-G0eo4KYHKeCIqv3DsgChTCV0yMFRu-FjvMY7RHJrYCq5t1M9m1lNrZA"
  },
  "Headers": {
    "Accept": [
      "text/html,application/xhtml+xml,application/xml;q=0.9,image/avif,image/webp,image/apng,*/*;q=0.8,application/signed-exchange;v=b3;q=0.9"
    ],
    "Host": [
      "localhost:7102"
    ],
    "User-Agent": [
      "Mozilla/5.0 (Windows NT 10.0; Win64; x64) AppleWebKit/537.36 (KHTML, like Gecko) Chrome/108.0.0.0 Safari/537.36"
    ],
    ":method": [
      "POST"
    ],
    "Accept-Encoding": [
      "gzip, deflate, br"
    ],
    "Accept-Language": [
      "en-GB,en;q=0.9,bg-BG;q=0.8,bg;q=0.7,en-US;q=0.6"
    ],
    "Cache-Control": [
      "max-age=0"
    ],
    "Content-Type": [
      "application/x-www-form-urlencoded"
    ],
    "Cookie": [
      ".AspNetCore.Antiforgery.1L9FrIpObnY=CfDJ8Dy3GDioeC5Iv8GnbSp3D-D7ltMsPm6Q9Qe3EE22OQEeH8ZcbZXV47e2cGQp-rxUAyxyV4wHw82LvMfzOsuLYvN4Vjd7oPw6c2d91khK5eUmda2lCi4ucdzfYdwet45fBl76Evu9wgL6w26z61LEdsc",
      "active_session=CfDJ8Dy3GDioeC5Iv8GnbSp3D-AhgrRa8MP-BlpLwbagNB6Ht4ZBTJ32dHaZWYG40LgOBn9lRsoskhvwZ3WkzeRb9HHH3_WlivGzJhm1yufvMcruFOji5Kc4u9S3QqdYOxb5aKb2kuS63mJWeMzrJ4tXQxWcTJ8MAOOlgzmm3AiTvQYp_6a9zqUNakPcCL2lrrnqtA4JWXF5LvjxZ0imGeGXqSOdn8cJo7oM--7oTORdBWkbckrECIYwJKySDbjC0dAI0EJZvJc8NG56xs71L8yOuH2oCjO0M8xNmOCiPjvUzheK-LJyBcyJZ2RnQzH8lPgQOUb7V1f7k9C2OFSUr_KH-FgrZCYgfyGJOs8atcQR2rWaq3xgzpRmFucbVNQp91EolxAQ6h9IEoWuVDZpThnywLExvTzcu7sQCQ8ksoQsFxZgpulZ9Gfq64cmhTuPJ1CAbEFZKow8JePOgBgFebIP6MGlLUPqmdqtYVJKvlgfttaTgZ-rQbRh-SW-z1HjwXvctlNCNyD-K1kiEtu61Mq3aJY"
    ],
    "Origin": [
      "https://localhost:7102"
    ],
    "Referer": [
      "https://localhost:7102/Warehouse/AddProduct"
    ],
    "Upgrade-Insecure-Requests": [
      "1"
    ],
    "Content-Length": [
      "379"
    ],
    "sec-ch-ua": [
      "\"Not?A_Brand\";v=\"8\", \"Chromium\";v=\"108\", \"Google Chrome\";v=\"108\""
    ],
    "sec-ch-ua-mobile": [
      "?0"
    ],
    "sec-ch-ua-platform": [
      "\"Windows\""
    ],
    "DNT": [
      "1"
    ],
    "sec-fetch-site": [
      "same-origin"
    ],
    "sec-fetch-mode": [
      "navigate"
    ],
    "sec-fetch-dest": [
      "document"
    ]
  }
}
-------------------------------------------------

Time: 16:53:40
LogLevel: Error
Code: GetProducts
Exception: {
  "ClientTitle": "Error",
  "ClientMessage": "Could not establish connection.",
  "Callback": "NONE",
  "Handler": "NONE",
  "Args": null,
  "StatusCode": "GatewayTimeout",
  "Message": "Connection Timeout Expired.  The timeout period elapsed while attempting to consume the pre-login handshake acknowledgement.  This could be because the pre-login handshake failed or the server was unable to respond back in time.  The duration spent while attempting to connect to this server was - [Pre-Login] initialization=15024; handshake=4; ",
  "Data": {},
  "InnerException": null,
  "HelpLink": null,
  "Source": "Warehouse.Manager",
  "HResult": -2146233088,
  "StackTrace": "   at Warehouse.Manager.Services.DbCommandBase.ConnectionOpen()\r\n   at Warehouse.Manager.Services.DbCommandBase.GetTableResult(String stmt, List`1 parameters)\r\n   at Warehouse.Manager.Services.DbCommandBase.GetListResult[T](String stmt, List`1 parameters)\r\n   at Warehouse.Manager.Services.DbDataScopedService.GetProducts(Nullable`1 typeID, String name)"
}
Parameters: {
  "ClientIPAddress": null
}
IPAddress: ::1
Request: {
  "Method": "POST",
  "Url": "https://localhost:7102/Warehouse/AddProduct",
  "Path": "/Warehouse/AddProduct",
  "Query": [],
  "Body": "",
  "Form": {
    "AddProductSelected": "true,false",
    "Product.pType": "2",
    "Product.pName": "awdawdaw",
    "Product.pDesc": "",
    "Product.pBPrice": "",
    "Product.pSPrice": "",
    "Product.pAmount": "",
    "__RequestVerificationToken": "CfDJ8Dy3GDioeC5Iv8GnbSp3D-AbGVmNRWe4mgUnWyVPFNBDlDlqP5dVVdDXKgpAjVWSRmP5wFZN1jiBnHZwoOaIpiYdV3l1g9Y81TUV3hLPxZdy7-YzJEWDzxUyZpQLb4uLobpDSADrhS-G0eo4KYHKeCIqv3DsgChTCV0yMFRu-FjvMY7RHJrYCq5t1M9m1lNrZA"
  },
  "Headers": {
    "Accept": [
      "text/html,application/xhtml+xml,application/xml;q=0.9,image/avif,image/webp,image/apng,*/*;q=0.8,application/signed-exchange;v=b3;q=0.9"
    ],
    "Host": [
      "localhost:7102"
    ],
    "User-Agent": [
      "Mozilla/5.0 (Windows NT 10.0; Win64; x64) AppleWebKit/537.36 (KHTML, like Gecko) Chrome/108.0.0.0 Safari/537.36"
    ],
    ":method": [
      "POST"
    ],
    "Accept-Encoding": [
      "gzip, deflate, br"
    ],
    "Accept-Language": [
      "en-GB,en;q=0.9,bg-BG;q=0.8,bg;q=0.7,en-US;q=0.6"
    ],
    "Cache-Control": [
      "max-age=0"
    ],
    "Content-Type": [
      "application/x-www-form-urlencoded"
    ],
    "Cookie": [
      ".AspNetCore.Antiforgery.1L9FrIpObnY=CfDJ8Dy3GDioeC5Iv8GnbSp3D-D7ltMsPm6Q9Qe3EE22OQEeH8ZcbZXV47e2cGQp-rxUAyxyV4wHw82LvMfzOsuLYvN4Vjd7oPw6c2d91khK5eUmda2lCi4ucdzfYdwet45fBl76Evu9wgL6w26z61LEdsc",
      "active_session=CfDJ8Dy3GDioeC5Iv8GnbSp3D-AhgrRa8MP-BlpLwbagNB6Ht4ZBTJ32dHaZWYG40LgOBn9lRsoskhvwZ3WkzeRb9HHH3_WlivGzJhm1yufvMcruFOji5Kc4u9S3QqdYOxb5aKb2kuS63mJWeMzrJ4tXQxWcTJ8MAOOlgzmm3AiTvQYp_6a9zqUNakPcCL2lrrnqtA4JWXF5LvjxZ0imGeGXqSOdn8cJo7oM--7oTORdBWkbckrECIYwJKySDbjC0dAI0EJZvJc8NG56xs71L8yOuH2oCjO0M8xNmOCiPjvUzheK-LJyBcyJZ2RnQzH8lPgQOUb7V1f7k9C2OFSUr_KH-FgrZCYgfyGJOs8atcQR2rWaq3xgzpRmFucbVNQp91EolxAQ6h9IEoWuVDZpThnywLExvTzcu7sQCQ8ksoQsFxZgpulZ9Gfq64cmhTuPJ1CAbEFZKow8JePOgBgFebIP6MGlLUPqmdqtYVJKvlgfttaTgZ-rQbRh-SW-z1HjwXvctlNCNyD-K1kiEtu61Mq3aJY"
    ],
    "Origin": [
      "https://localhost:7102"
    ],
    "Referer": [
      "https://localhost:7102/Warehouse/AddProduct"
    ],
    "Upgrade-Insecure-Requests": [
      "1"
    ],
    "Content-Length": [
      "379"
    ],
    "sec-ch-ua": [
      "\"Not?A_Brand\";v=\"8\", \"Chromium\";v=\"108\", \"Google Chrome\";v=\"108\""
    ],
    "sec-ch-ua-mobile": [
      "?0"
    ],
    "sec-ch-ua-platform": [
      "\"Windows\""
    ],
    "DNT": [
      "1"
    ],
    "sec-fetch-site": [
      "same-origin"
    ],
    "sec-fetch-mode": [
      "navigate"
    ],
    "sec-fetch-user": [
      "?1"
    ],
    "sec-fetch-dest": [
      "document"
    ]
  }
}
-------------------------------------------------

Time: 17:22:29
LogLevel: Error
Code: GetProducts
Exception: {
  "ClientTitle": "Error",
  "ClientMessage": "Error processing data.",
  "Callback": "NONE",
  "Handler": "NONE",
  "Args": null,
  "StatusCode": "ServiceUnavailable",
  "Message": "{\"Message\":\"A transport-level error has occurred when receiving results from the server. (provider: Session Provider, error: 19 - Physical connection is not usable)\",\"Number\":-1,\"Procedure\":null,\"LineNumber\":0}",
  "Data": {},
  "InnerException": null,
  "HelpLink": null,
  "Source": "Warehouse.Manager",
  "HResult": -2146233088,
  "StackTrace": "   at Warehouse.Manager.Utils.DatabaseException..ctor(SqlException sqlException)\r\n   at Warehouse.Manager.Services.DbCommandBase.<>c__DisplayClass34_0.<GetTableResult>b__0(Exception _e)\r\n   at Warehouse.Manager.Utils.ExceptionHelper.GetException(Exception e, Func`2 func)\r\n   at Warehouse.Manager.Services.DbCommandBase.GetTableResult(String stmt, List`1 parameters)\r\n   at Warehouse.Manager.Services.DbCommandBase.GetListResult[T](String stmt, List`1 parameters)\r\n   at Warehouse.Manager.Services.DbDataScopedService.GetProducts(Nullable`1 typeID, String name)"
}
Parameters: {
  "ClientIPAddress": null
}
IPAddress: ::1
Request: {
  "Method": "GET",
  "Url": "https://localhost:7102/",
  "Path": "/",
  "Query": [],
  "Body": "",
  "Form": null,
  "Headers": {
    "Accept": [
      "text/html,application/xhtml+xml,application/xml;q=0.9,image/avif,image/webp,image/apng,*/*;q=0.8,application/signed-exchange;v=b3;q=0.9"
    ],
    "Host": [
      "localhost:7102"
    ],
    "User-Agent": [
      "Mozilla/5.0 (Windows NT 10.0; Win64; x64) AppleWebKit/537.36 (KHTML, like Gecko) Chrome/108.0.0.0 Safari/537.36"
    ],
    ":method": [
      "GET"
    ],
    "Accept-Encoding": [
      "gzip, deflate, br"
    ],
    "Accept-Language": [
      "en-GB,en;q=0.9,bg-BG;q=0.8,bg;q=0.7,en-US;q=0.6"
    ],
    "Cache-Control": [
      "max-age=0"
    ],
    "Cookie": [
      ".AspNetCore.Antiforgery.1L9FrIpObnY=CfDJ8Dy3GDioeC5Iv8GnbSp3D-D7ltMsPm6Q9Qe3EE22OQEeH8ZcbZXV47e2cGQp-rxUAyxyV4wHw82LvMfzOsuLYvN4Vjd7oPw6c2d91khK5eUmda2lCi4ucdzfYdwet45fBl76Evu9wgL6w26z61LEdsc",
      "active_session=CfDJ8Dy3GDioeC5Iv8GnbSp3D-C4WLtiYLFHOSmjNIAtXt9Fou3Bv5muFmnRPRUPSfK0qtA-rHGbQa2b4TDu6JfGv5TmX-iCt9Gc_DH8aD8Kh6fZJEsTX_kYGfZGxiw1j-8eFNHbTUy5bueDGtnK2uiHbSyHBJ-b4OAGQ_AvaCsyyH-DHfQDByPJQxemkwQSDfEUh0W_F1Pd2dD4wxnJfkteSgcAIWDv1mF1wjY0n_3AaWcz6zJY5sVW_vm7INzlu63vPWx5uozr20fyLP3KFKCnPF4OXh6jQX8LLDYvpje791CV6Ap1Ww3M-hhT7R8-yhoyFrz0f9DPF-NbQocEhBCCMeRoxt_Ztc7BN3GbPsyNpWHqaKFk-hYThU63SJu53Oy5yjejZ81FdYUkorj2i8--iGYVkp6os1O-uhvcsRRXD6mF7s6QXY4CO442R2HkD8wIGetpPn5XnsPXoo295hKOyBpR2Qxb_yJRTK8IwOouJIe6DzqVlsI4ueASAb3-tBpn1vRECTusM5ar_o-GMy_iAfI"
    ],
    "Referer": [
      "https://localhost:7102/"
    ],
    "Upgrade-Insecure-Requests": [
      "1"
    ],
    "sec-ch-ua": [
      "\"Not?A_Brand\";v=\"8\", \"Chromium\";v=\"108\", \"Google Chrome\";v=\"108\""
    ],
    "sec-ch-ua-mobile": [
      "?0"
    ],
    "sec-ch-ua-platform": [
      "\"Windows\""
    ],
    "DNT": [
      "1"
    ],
    "sec-fetch-site": [
      "same-origin"
    ],
    "sec-fetch-mode": [
      "navigate"
    ],
    "sec-fetch-dest": [
      "document"
    ]
  }
}
-------------------------------------------------

Time: 17:25:28
LogLevel: Error
Code: GetProducts
Exception: {
  "ClientTitle": "Error",
  "ClientMessage": "Could not establish connection.",
  "Callback": "NONE",
  "Handler": "NONE",
  "Args": null,
  "StatusCode": "GatewayTimeout",
  "Message": "Connection Timeout Expired.  The timeout period elapsed while attempting to consume the pre-login handshake acknowledgement.  This could be because the pre-login handshake failed or the server was unable to respond back in time.  The duration spent while attempting to connect to this server was - [Pre-Login] initialization=15047; handshake=4; ",
  "Data": {},
  "InnerException": null,
  "HelpLink": null,
  "Source": "Warehouse.Manager",
  "HResult": -2146233088,
  "StackTrace": "   at Warehouse.Manager.Services.DbCommandBase.ConnectionOpen()\r\n   at Warehouse.Manager.Services.DbCommandBase.GetTableResult(String stmt, List`1 parameters)\r\n   at Warehouse.Manager.Services.DbCommandBase.GetListResult[T](String stmt, List`1 parameters)\r\n   at Warehouse.Manager.Services.DbDataScopedService.GetProducts(Nullable`1 typeID, String name)"
}
Parameters: {
  "ClientIPAddress": null
}
IPAddress: ::1
Request: {
  "Method": "GET",
  "Url": "https://localhost:7102/",
  "Path": "/",
  "Query": [],
  "Body": "",
  "Form": null,
  "Headers": {
    "Accept": [
      "text/html,application/xhtml+xml,application/xml;q=0.9,image/avif,image/webp,image/apng,*/*;q=0.8,application/signed-exchange;v=b3;q=0.9"
    ],
    "Host": [
      "localhost:7102"
    ],
    "User-Agent": [
      "Mozilla/5.0 (Windows NT 10.0; Win64; x64) AppleWebKit/537.36 (KHTML, like Gecko) Chrome/108.0.0.0 Safari/537.36"
    ],
    ":method": [
      "GET"
    ],
    "Accept-Encoding": [
      "gzip, deflate, br"
    ],
    "Accept-Language": [
      "en-GB,en;q=0.9,bg-BG;q=0.8,bg;q=0.7,en-US;q=0.6"
    ],
    "Cache-Control": [
      "max-age=0"
    ],
    "Cookie": [
      ".AspNetCore.Antiforgery.1L9FrIpObnY=CfDJ8Dy3GDioeC5Iv8GnbSp3D-D7ltMsPm6Q9Qe3EE22OQEeH8ZcbZXV47e2cGQp-rxUAyxyV4wHw82LvMfzOsuLYvN4Vjd7oPw6c2d91khK5eUmda2lCi4ucdzfYdwet45fBl76Evu9wgL6w26z61LEdsc",
      "active_session=CfDJ8Dy3GDioeC5Iv8GnbSp3D-C4WLtiYLFHOSmjNIAtXt9Fou3Bv5muFmnRPRUPSfK0qtA-rHGbQa2b4TDu6JfGv5TmX-iCt9Gc_DH8aD8Kh6fZJEsTX_kYGfZGxiw1j-8eFNHbTUy5bueDGtnK2uiHbSyHBJ-b4OAGQ_AvaCsyyH-DHfQDByPJQxemkwQSDfEUh0W_F1Pd2dD4wxnJfkteSgcAIWDv1mF1wjY0n_3AaWcz6zJY5sVW_vm7INzlu63vPWx5uozr20fyLP3KFKCnPF4OXh6jQX8LLDYvpje791CV6Ap1Ww3M-hhT7R8-yhoyFrz0f9DPF-NbQocEhBCCMeRoxt_Ztc7BN3GbPsyNpWHqaKFk-hYThU63SJu53Oy5yjejZ81FdYUkorj2i8--iGYVkp6os1O-uhvcsRRXD6mF7s6QXY4CO442R2HkD8wIGetpPn5XnsPXoo295hKOyBpR2Qxb_yJRTK8IwOouJIe6DzqVlsI4ueASAb3-tBpn1vRECTusM5ar_o-GMy_iAfI"
    ],
    "Referer": [
      "https://localhost:7102/"
    ],
    "Upgrade-Insecure-Requests": [
      "1"
    ],
    "sec-ch-ua": [
      "\"Not?A_Brand\";v=\"8\", \"Chromium\";v=\"108\", \"Google Chrome\";v=\"108\""
    ],
    "sec-ch-ua-mobile": [
      "?0"
    ],
    "sec-ch-ua-platform": [
      "\"Windows\""
    ],
    "DNT": [
      "1"
    ],
    "sec-fetch-site": [
      "same-origin"
    ],
    "sec-fetch-mode": [
      "navigate"
    ],
    "sec-fetch-dest": [
      "document"
    ]
  }
}
-------------------------------------------------

Time: 17:25:31
LogLevel: Error
Code: GetProducts
Exception: {
  "ClientTitle": "Error",
  "ClientMessage": "Could not establish connection.",
  "Callback": "NONE",
  "Handler": "NONE",
  "Args": null,
  "StatusCode": "GatewayTimeout",
  "Message": "Connection Timeout Expired.  The timeout period elapsed while attempting to consume the pre-login handshake acknowledgement.  This could be because the pre-login handshake failed or the server was unable to respond back in time.  The duration spent while attempting to connect to this server was - [Pre-Login] initialization=15047; handshake=4; ",
  "Data": {},
  "InnerException": null,
  "HelpLink": null,
  "Source": "Warehouse.Manager",
  "HResult": -2146233088,
  "StackTrace": "   at Warehouse.Manager.Services.DbCommandBase.ConnectionOpen()\r\n   at Warehouse.Manager.Services.DbCommandBase.GetTableResult(String stmt, List`1 parameters)\r\n   at Warehouse.Manager.Services.DbCommandBase.GetListResult[T](String stmt, List`1 parameters)\r\n   at Warehouse.Manager.Services.DbDataScopedService.GetProducts(Nullable`1 typeID, String name)"
}
Parameters: {
  "ClientIPAddress": null
}
IPAddress: ::1
Request: {
  "Method": "GET",
  "Url": "https://localhost:7102/",
  "Path": "/",
  "Query": [],
  "Body": "",
  "Form": null,
  "Headers": {
    "Accept": [
      "text/html,application/xhtml+xml,application/xml;q=0.9,image/avif,image/webp,image/apng,*/*;q=0.8,application/signed-exchange;v=b3;q=0.9"
    ],
    "Host": [
      "localhost:7102"
    ],
    "User-Agent": [
      "Mozilla/5.0 (Windows NT 10.0; Win64; x64) AppleWebKit/537.36 (KHTML, like Gecko) Chrome/108.0.0.0 Safari/537.36"
    ],
    ":method": [
      "GET"
    ],
    "Accept-Encoding": [
      "gzip, deflate, br"
    ],
    "Accept-Language": [
      "en-GB,en;q=0.9,bg-BG;q=0.8,bg;q=0.7,en-US;q=0.6"
    ],
    "Cache-Control": [
      "max-age=0"
    ],
    "Cookie": [
      ".AspNetCore.Antiforgery.1L9FrIpObnY=CfDJ8Dy3GDioeC5Iv8GnbSp3D-D7ltMsPm6Q9Qe3EE22OQEeH8ZcbZXV47e2cGQp-rxUAyxyV4wHw82LvMfzOsuLYvN4Vjd7oPw6c2d91khK5eUmda2lCi4ucdzfYdwet45fBl76Evu9wgL6w26z61LEdsc",
      "active_session=CfDJ8Dy3GDioeC5Iv8GnbSp3D-C4WLtiYLFHOSmjNIAtXt9Fou3Bv5muFmnRPRUPSfK0qtA-rHGbQa2b4TDu6JfGv5TmX-iCt9Gc_DH8aD8Kh6fZJEsTX_kYGfZGxiw1j-8eFNHbTUy5bueDGtnK2uiHbSyHBJ-b4OAGQ_AvaCsyyH-DHfQDByPJQxemkwQSDfEUh0W_F1Pd2dD4wxnJfkteSgcAIWDv1mF1wjY0n_3AaWcz6zJY5sVW_vm7INzlu63vPWx5uozr20fyLP3KFKCnPF4OXh6jQX8LLDYvpje791CV6Ap1Ww3M-hhT7R8-yhoyFrz0f9DPF-NbQocEhBCCMeRoxt_Ztc7BN3GbPsyNpWHqaKFk-hYThU63SJu53Oy5yjejZ81FdYUkorj2i8--iGYVkp6os1O-uhvcsRRXD6mF7s6QXY4CO442R2HkD8wIGetpPn5XnsPXoo295hKOyBpR2Qxb_yJRTK8IwOouJIe6DzqVlsI4ueASAb3-tBpn1vRECTusM5ar_o-GMy_iAfI"
    ],
    "Referer": [
      "https://localhost:7102/"
    ],
    "Upgrade-Insecure-Requests": [
      "1"
    ],
    "sec-ch-ua": [
      "\"Not?A_Brand\";v=\"8\", \"Chromium\";v=\"108\", \"Google Chrome\";v=\"108\""
    ],
    "sec-ch-ua-mobile": [
      "?0"
    ],
    "sec-ch-ua-platform": [
      "\"Windows\""
    ],
    "DNT": [
      "1"
    ],
    "sec-fetch-site": [
      "same-origin"
    ],
    "sec-fetch-mode": [
      "navigate"
    ],
    "sec-fetch-user": [
      "?1"
    ],
    "sec-fetch-dest": [
      "document"
    ]
  }
}
-------------------------------------------------

Time: 17:25:32
LogLevel: Error
Code: GetProducts
Exception: {
  "ClientTitle": "Error",
  "ClientMessage": "Could not establish connection.",
  "Callback": "NONE",
  "Handler": "NONE",
  "Args": null,
  "StatusCode": "GatewayTimeout",
  "Message": "Connection Timeout Expired.  The timeout period elapsed while attempting to consume the pre-login handshake acknowledgement.  This could be because the pre-login handshake failed or the server was unable to respond back in time.  The duration spent while attempting to connect to this server was - [Pre-Login] initialization=15047; handshake=4; ",
  "Data": {},
  "InnerException": null,
  "HelpLink": null,
  "Source": "Warehouse.Manager",
  "HResult": -2146233088,
  "StackTrace": "   at Warehouse.Manager.Services.DbCommandBase.ConnectionOpen()\r\n   at Warehouse.Manager.Services.DbCommandBase.GetTableResult(String stmt, List`1 parameters)\r\n   at Warehouse.Manager.Services.DbCommandBase.GetListResult[T](String stmt, List`1 parameters)\r\n   at Warehouse.Manager.Services.DbDataScopedService.GetProducts(Nullable`1 typeID, String name)"
}
Parameters: {
  "ClientIPAddress": null
}
IPAddress: ::1
Request: {
  "Method": "GET",
  "Url": "https://localhost:7102/",
  "Path": "/",
  "Query": [],
  "Body": "",
  "Form": null,
  "Headers": {
    "Accept": [
      "text/html,application/xhtml+xml,application/xml;q=0.9,image/avif,image/webp,image/apng,*/*;q=0.8,application/signed-exchange;v=b3;q=0.9"
    ],
    "Host": [
      "localhost:7102"
    ],
    "User-Agent": [
      "Mozilla/5.0 (Windows NT 10.0; Win64; x64) AppleWebKit/537.36 (KHTML, like Gecko) Chrome/108.0.0.0 Safari/537.36"
    ],
    ":method": [
      "GET"
    ],
    "Accept-Encoding": [
      "gzip, deflate, br"
    ],
    "Accept-Language": [
      "en-GB,en;q=0.9,bg-BG;q=0.8,bg;q=0.7,en-US;q=0.6"
    ],
    "Cache-Control": [
      "max-age=0"
    ],
    "Cookie": [
      ".AspNetCore.Antiforgery.1L9FrIpObnY=CfDJ8Dy3GDioeC5Iv8GnbSp3D-D7ltMsPm6Q9Qe3EE22OQEeH8ZcbZXV47e2cGQp-rxUAyxyV4wHw82LvMfzOsuLYvN4Vjd7oPw6c2d91khK5eUmda2lCi4ucdzfYdwet45fBl76Evu9wgL6w26z61LEdsc",
      "active_session=CfDJ8Dy3GDioeC5Iv8GnbSp3D-C4WLtiYLFHOSmjNIAtXt9Fou3Bv5muFmnRPRUPSfK0qtA-rHGbQa2b4TDu6JfGv5TmX-iCt9Gc_DH8aD8Kh6fZJEsTX_kYGfZGxiw1j-8eFNHbTUy5bueDGtnK2uiHbSyHBJ-b4OAGQ_AvaCsyyH-DHfQDByPJQxemkwQSDfEUh0W_F1Pd2dD4wxnJfkteSgcAIWDv1mF1wjY0n_3AaWcz6zJY5sVW_vm7INzlu63vPWx5uozr20fyLP3KFKCnPF4OXh6jQX8LLDYvpje791CV6Ap1Ww3M-hhT7R8-yhoyFrz0f9DPF-NbQocEhBCCMeRoxt_Ztc7BN3GbPsyNpWHqaKFk-hYThU63SJu53Oy5yjejZ81FdYUkorj2i8--iGYVkp6os1O-uhvcsRRXD6mF7s6QXY4CO442R2HkD8wIGetpPn5XnsPXoo295hKOyBpR2Qxb_yJRTK8IwOouJIe6DzqVlsI4ueASAb3-tBpn1vRECTusM5ar_o-GMy_iAfI"
    ],
    "Referer": [
      "https://localhost:7102/"
    ],
    "Upgrade-Insecure-Requests": [
      "1"
    ],
    "sec-ch-ua": [
      "\"Not?A_Brand\";v=\"8\", \"Chromium\";v=\"108\", \"Google Chrome\";v=\"108\""
    ],
    "sec-ch-ua-mobile": [
      "?0"
    ],
    "sec-ch-ua-platform": [
      "\"Windows\""
    ],
    "DNT": [
      "1"
    ],
    "sec-fetch-site": [
      "same-origin"
    ],
    "sec-fetch-mode": [
      "navigate"
    ],
    "sec-fetch-user": [
      "?1"
    ],
    "sec-fetch-dest": [
      "document"
    ]
  }
}
-------------------------------------------------

Time: 17:49:21
LogLevel: Error
Code: GetProducts
Exception: {
  "ClientTitle": "Error",
  "ClientMessage": "Could not establish connection.",
  "Callback": "NONE",
  "Handler": "NONE",
  "Args": null,
  "StatusCode": "GatewayTimeout",
  "Message": "A network-related or instance-specific error occurred while establishing a connection to SQL Server. The server was not found or was not accessible. Verify that the instance name is correct and that SQL Server is configured to allow remote connections. (provider: TCP Provider, error: 0 - A connection attempt failed because the connected party did not properly respond after a period of time, or established connection failed because connected host has failed to respond.)",
  "Data": {},
  "InnerException": null,
  "HelpLink": null,
  "Source": "Warehouse.Manager",
  "HResult": -2146233088,
  "StackTrace": "   at Warehouse.Manager.Services.DbCommandBase.ConnectionOpen()\r\n   at Warehouse.Manager.Services.DbCommandBase.GetTableResult(String stmt, List`1 parameters)\r\n   at Warehouse.Manager.Services.DbCommandBase.GetListResult[T](String stmt, List`1 parameters)\r\n   at Warehouse.Manager.Services.DbDataScopedService.GetProducts(Nullable`1 typeID, String name)"
}
Parameters: {
  "ClientIPAddress": null
}
IPAddress: ::1
Request: {
  "Method": "GET",
  "Url": "https://localhost:7102/",
  "Path": "/",
  "Query": [],
  "Body": "",
  "Form": null,
  "Headers": {
    "Accept": [
      "text/html,application/xhtml+xml,application/xml;q=0.9,image/avif,image/webp,image/apng,*/*;q=0.8,application/signed-exchange;v=b3;q=0.9"
    ],
    "Host": [
      "localhost:7102"
    ],
    "User-Agent": [
      "Mozilla/5.0 (Windows NT 10.0; Win64; x64) AppleWebKit/537.36 (KHTML, like Gecko) Chrome/108.0.0.0 Safari/537.36"
    ],
    ":method": [
      "GET"
    ],
    "Accept-Encoding": [
      "gzip, deflate, br"
    ],
    "Accept-Language": [
      "en-GB,en;q=0.9,bg-BG;q=0.8,bg;q=0.7,en-US;q=0.6"
    ],
    "Cache-Control": [
      "max-age=0"
    ],
    "Cookie": [
      ".AspNetCore.Antiforgery.1L9FrIpObnY=CfDJ8Dy3GDioeC5Iv8GnbSp3D-D7ltMsPm6Q9Qe3EE22OQEeH8ZcbZXV47e2cGQp-rxUAyxyV4wHw82LvMfzOsuLYvN4Vjd7oPw6c2d91khK5eUmda2lCi4ucdzfYdwet45fBl76Evu9wgL6w26z61LEdsc",
      "active_session=CfDJ8Dy3GDioeC5Iv8GnbSp3D-Cah0cPHWg-K_RstfmjIiiitE0_N1tHCCvAIr1AnKGRtTyli1wEpvsmJqBW8loefNu4H_AkDMbLDoeE45JBjC7NsxrLvvO1Qlv8tBH_VaYtELeXfv_TbA3oTSih044jTW2IKeVuezgqEZaoxQzqehY0y1KqjCH_WU-a4arwhVhdjyc2zUv5ScKkNGc3R7bBmMquDxn0TDwO9sDnZ0p8TpmjFMByEcCm1Ku8q88J4r2NHnqxmog7omDxTqEUpYGzVwQkLzH7BGbbUr3lrj-mJfs-GT7dNdxu-gfYpqxVjEwl9A-WBct7UWq_QNzsXVL3T20bTggcdlkDTZkFhbgY6uFBdlypDZF9mn3QWbbnCYtVpFatLaRcrV0q_kKJjLyVxafp1UikRu8WznOlyYW3j5ygZllAwQSzN3aLr2gfPyyNjPXV-A61u6VbtDROwrKqRdm7rTIDOzP_evWoAZEFv6iSdhnww_5s6wGxPOg9z1C-LYVIfubVLVK8K4em6IX7e0A"
    ],
    "Referer": [
      "https://localhost:7102/"
    ],
    "Upgrade-Insecure-Requests": [
      "1"
    ],
    "sec-ch-ua": [
      "\"Not?A_Brand\";v=\"8\", \"Chromium\";v=\"108\", \"Google Chrome\";v=\"108\""
    ],
    "sec-ch-ua-mobile": [
      "?0"
    ],
    "sec-ch-ua-platform": [
      "\"Windows\""
    ],
    "DNT": [
      "1"
    ],
    "sec-fetch-site": [
      "same-origin"
    ],
    "sec-fetch-mode": [
      "navigate"
    ],
    "sec-fetch-dest": [
      "document"
    ]
  }
}
-------------------------------------------------

