Time: 14:11:47
LogLevel: Error
Code: GetProducts
Exception: {
  "ClientTitle": "Error",
  "ClientMessage": "Error processing data.",
  "Callback": "NONE",
  "Handler": "NONE",
  "Args": null,
  "StatusCode": "ServiceUnavailable",
  "Message": "{\"Message\":\"Invalid column name 'pTypeId'.\",\"Number\":207,\"Procedure\":\"\",\"LineNumber\":1}",
  "Data": {},
  "InnerException": null,
  "HelpLink": null,
  "Source": "Warehouse.Manager",
  "HResult": -2146233088,
  "StackTrace": "   at Warehouse.Manager.Utils.DatabaseException..ctor(SqlException sqlException)\r\n   at Warehouse.Manager.Services.DbCommandBase.<>c__DisplayClass34_0.<GetTableResult>b__0(Exception _e)\r\n   at Warehouse.Manager.Utils.ExceptionHelper.GetException(Exception e, Func`2 func)\r\n   at Warehouse.Manager.Services.DbCommandBase.GetTableResult(String stmt, List`1 parameters)\r\n   at Warehouse.Manager.Services.DbCommandBase.GetListResult[T](String stmt, List`1 parameters)\r\n   at Warehouse.Manager.Services.DbDataScopedService.GetProducts(Nullable`1 typeID, String name)"
}
Parameters: {
  "ClientIPAddress": null
}
IPAddress: ::1
Request: {
  "Method": "POST",
  "Url": "https://localhost:7102/",
  "Path": "/",
  "Query": [],
  "Body": "",
  "Form": {
    "SearchFilter.ProductTypeSelected": "2",
    "SearchFilter.SearchText": "hjkhbjklhbjkl",
    "__RequestVerificationToken": "CfDJ8Dy3GDioeC5Iv8GnbSp3D-BCbX1EN2p_rcKHxfSOVEMOWBK5kC2cTsJNxq5O7JA_hGIvJYWWqvxNV4Ua4i1BIfV6renndyV0c7_Un_s9SjVe2zD3n5fy-MddBFUu_-VOql9DYvObqgaCpWKJqp5Bg_4s1tc1OvKTthjlgZ0Mo0wyDPnolUg9ZHrQ6K5Sf26vJA"
  },
  "Headers": {
    "Accept": [
      "text/html,application/xhtml+xml,application/xml;q=0.9,image/avif,image/webp,image/apng,*/*;q=0.8,application/signed-exchange;v=b3;q=0.9"
    ],
    "Host": [
      "localhost:7102"
    ],
    "User-Agent": [
      "Mozilla/5.0 (Windows NT 10.0; Win64; x64) AppleWebKit/537.36 (KHTML, like Gecko) Chrome/108.0.0.0 Safari/537.36"
    ],
    ":method": [
      "POST"
    ],
    "Accept-Encoding": [
      "gzip, deflate, br"
    ],
    "Accept-Language": [
      "en-US,en;q=0.9"
    ],
    "Cache-Control": [
      "max-age=0"
    ],
    "Content-Type": [
      "application/x-www-form-urlencoded"
    ],
    "Cookie": [
      ".AspNetCore.Antiforgery.1L9FrIpObnY=CfDJ8Dy3GDioeC5Iv8GnbSp3D-D222EduFHwVmov7RtONSchE64MDytww8GLl_xRSItJjlJa5ppp_VILSnSIFjQEnoY6VDF5fEwwhRMQQPbA6gOFGaoZzofKamRBUXSemUir_5XkMW1tGB5B6RglnWeiFdw",
      "active_session=CfDJ8Dy3GDioeC5Iv8GnbSp3D-C3WDf5YH371KdPVVDmpHNImC4kiXkTB8z5653dvVdXvjsql4nELRt5Phda_ku0F8pfKiFx99khM85cKkbRG6g2O_iNCJJPJ9Aw55HuF_I2P-dsmADvJn0UbEbwlrSsi3GeUtU888PBU4zUiBVA1MjKNLDj4wHJ4jRVN3mzH_VrJXVBog8QpZIkWdfwpb3ttNUgN_yCKeL2zMeYxv_ZFhMGvjsdGI-aK831nGJPfWDQmopfMunSK0XPvB5epZH_wPkDNBZDeLNo0pNtnVidD9rg5TUtZu4j8xcpQHXfodUwC5pN78BTA0DXLvjOAw3eIjsi8Z-miyg3k1s_y0y6-KIu0xL-b2lRQzrAWORf7fo88UBkBNmFdcA1_cierFpRsp7JCVJ_y9Fyw3blEo67kkUbRh9ZWPw1XIZ9ZyCbHBUDZQnvSZ71OXcGN3vZLy2owq72d-3m3hZyki47C884Jmj-Qn-PHhosx8KFlYkIFr54__4y72Ta5seO-NV0gdJcEss"
    ],
    "Origin": [
      "https://localhost:7102"
    ],
    "Referer": [
      "https://localhost:7102/?SearchFilter.ProductTypeSelected=3&SearchFilter.SearchText="
    ],
    "Upgrade-Insecure-Requests": [
      "1"
    ],
    "Content-Length": [
      "298"
    ],
    "sec-ch-ua": [
      "\"Not?A_Brand\";v=\"8\", \"Chromium\";v=\"108\", \"Google Chrome\";v=\"108\""
    ],
    "sec-ch-ua-mobile": [
      "?0"
    ],
    "sec-ch-ua-platform": [
      "\"Windows\""
    ],
    "sec-fetch-site": [
      "same-origin"
    ],
    "sec-fetch-mode": [
      "navigate"
    ],
    "sec-fetch-user": [
      "?1"
    ],
    "sec-fetch-dest": [
      "document"
    ]
  }
}
-------------------------------------------------

Time: 14:14:01
LogLevel: Error
Code: GetProducts
Exception: {
  "ClientTitle": "Error",
  "ClientMessage": "Error processing data.",
  "Callback": "NONE",
  "Handler": "NONE",
  "Args": null,
  "StatusCode": "ServiceUnavailable",
  "Message": "{\"Message\":\"Invalid column name 'pTypeId'.\",\"Number\":207,\"Procedure\":\"\",\"LineNumber\":1}",
  "Data": {},
  "InnerException": null,
  "HelpLink": null,
  "Source": "Warehouse.Manager",
  "HResult": -2146233088,
  "StackTrace": "   at Warehouse.Manager.Utils.DatabaseException..ctor(SqlException sqlException)\r\n   at Warehouse.Manager.Services.DbCommandBase.<>c__DisplayClass34_0.<GetTableResult>b__0(Exception _e)\r\n   at Warehouse.Manager.Utils.ExceptionHelper.GetException(Exception e, Func`2 func)\r\n   at Warehouse.Manager.Services.DbCommandBase.GetTableResult(String stmt, List`1 parameters)\r\n   at Warehouse.Manager.Services.DbCommandBase.GetListResult[T](String stmt, List`1 parameters)\r\n   at Warehouse.Manager.Services.DbDataScopedService.GetProducts(Nullable`1 typeID, String name)"
}
Parameters: {
  "ClientIPAddress": null
}
IPAddress: ::1
Request: {
  "Method": "POST",
  "Url": "https://localhost:7102/",
  "Path": "/",
  "Query": [],
  "Body": "",
  "Form": {
    "SearchFilter.ProductTypeSelected": "2",
    "SearchFilter.SearchText": "hjkhbjklhbjkl",
    "__RequestVerificationToken": "CfDJ8Dy3GDioeC5Iv8GnbSp3D-BCbX1EN2p_rcKHxfSOVEMOWBK5kC2cTsJNxq5O7JA_hGIvJYWWqvxNV4Ua4i1BIfV6renndyV0c7_Un_s9SjVe2zD3n5fy-MddBFUu_-VOql9DYvObqgaCpWKJqp5Bg_4s1tc1OvKTthjlgZ0Mo0wyDPnolUg9ZHrQ6K5Sf26vJA"
  },
  "Headers": {
    "Accept": [
      "text/html,application/xhtml+xml,application/xml;q=0.9,image/avif,image/webp,image/apng,*/*;q=0.8,application/signed-exchange;v=b3;q=0.9"
    ],
    "Host": [
      "localhost:7102"
    ],
    "User-Agent": [
      "Mozilla/5.0 (Windows NT 10.0; Win64; x64) AppleWebKit/537.36 (KHTML, like Gecko) Chrome/108.0.0.0 Safari/537.36"
    ],
    ":method": [
      "POST"
    ],
    "Accept-Encoding": [
      "gzip, deflate, br"
    ],
    "Accept-Language": [
      "en-US,en;q=0.9"
    ],
    "Cache-Control": [
      "max-age=0"
    ],
    "Content-Type": [
      "application/x-www-form-urlencoded"
    ],
    "Cookie": [
      ".AspNetCore.Antiforgery.1L9FrIpObnY=CfDJ8Dy3GDioeC5Iv8GnbSp3D-D222EduFHwVmov7RtONSchE64MDytww8GLl_xRSItJjlJa5ppp_VILSnSIFjQEnoY6VDF5fEwwhRMQQPbA6gOFGaoZzofKamRBUXSemUir_5XkMW1tGB5B6RglnWeiFdw",
      "active_session=CfDJ8Dy3GDioeC5Iv8GnbSp3D-C3WDf5YH371KdPVVDmpHNImC4kiXkTB8z5653dvVdXvjsql4nELRt5Phda_ku0F8pfKiFx99khM85cKkbRG6g2O_iNCJJPJ9Aw55HuF_I2P-dsmADvJn0UbEbwlrSsi3GeUtU888PBU4zUiBVA1MjKNLDj4wHJ4jRVN3mzH_VrJXVBog8QpZIkWdfwpb3ttNUgN_yCKeL2zMeYxv_ZFhMGvjsdGI-aK831nGJPfWDQmopfMunSK0XPvB5epZH_wPkDNBZDeLNo0pNtnVidD9rg5TUtZu4j8xcpQHXfodUwC5pN78BTA0DXLvjOAw3eIjsi8Z-miyg3k1s_y0y6-KIu0xL-b2lRQzrAWORf7fo88UBkBNmFdcA1_cierFpRsp7JCVJ_y9Fyw3blEo67kkUbRh9ZWPw1XIZ9ZyCbHBUDZQnvSZ71OXcGN3vZLy2owq72d-3m3hZyki47C884Jmj-Qn-PHhosx8KFlYkIFr54__4y72Ta5seO-NV0gdJcEss"
    ],
    "Origin": [
      "https://localhost:7102"
    ],
    "Referer": [
      "https://localhost:7102/?SearchFilter.ProductTypeSelected=3&SearchFilter.SearchText="
    ],
    "Upgrade-Insecure-Requests": [
      "1"
    ],
    "Content-Length": [
      "298"
    ],
    "sec-ch-ua": [
      "\"Not?A_Brand\";v=\"8\", \"Chromium\";v=\"108\", \"Google Chrome\";v=\"108\""
    ],
    "sec-ch-ua-mobile": [
      "?0"
    ],
    "sec-ch-ua-platform": [
      "\"Windows\""
    ],
    "sec-fetch-site": [
      "same-origin"
    ],
    "sec-fetch-mode": [
      "navigate"
    ],
    "sec-fetch-user": [
      "?1"
    ],
    "sec-fetch-dest": [
      "document"
    ]
  }
}
-------------------------------------------------

Time: 14:24:19
LogLevel: Error
Code: GetProducts
Exception: {
  "ClientTitle": "Error",
  "ClientMessage": "Error processing data.",
  "Callback": "NONE",
  "Handler": "NONE",
  "Args": null,
  "StatusCode": "ServiceUnavailable",
  "Message": "{\"Message\":\"Invalid column name 'pTypeId'.\",\"Number\":207,\"Procedure\":\"\",\"LineNumber\":1}",
  "Data": {},
  "InnerException": null,
  "HelpLink": null,
  "Source": "Warehouse.Manager",
  "HResult": -2146233088,
  "StackTrace": "   at Warehouse.Manager.Utils.DatabaseException..ctor(SqlException sqlException) in D:\\Shared drives\\Projects\\ServerLangs_1701261030\\Warehouse.Manager\\Utils\\AppExcetion.cs:line 252\r\n   at Warehouse.Manager.Services.DbCommandBase.<>c__DisplayClass34_0.<GetTableResult>b__0(Exception _e) in D:\\Shared drives\\Projects\\ServerLangs_1701261030\\Warehouse.Manager\\Services\\DbCommandBase.cs:line 149\r\n   at Warehouse.Manager.Utils.ExceptionHelper.GetException(Exception e, Func`2 func) in D:\\Shared drives\\Projects\\ServerLangs_1701261030\\Warehouse.Manager\\Utils\\AppExcetion.cs:line 47\r\n   at Warehouse.Manager.Services.DbCommandBase.GetTableResult(String stmt, List`1 parameters) in D:\\Shared drives\\Projects\\ServerLangs_1701261030\\Warehouse.Manager\\Services\\DbCommandBase.cs:line 149\r\n   at Warehouse.Manager.Services.DbCommandBase.GetListResult[T](String stmt, List`1 parameters) in D:\\Shared drives\\Projects\\ServerLangs_1701261030\\Warehouse.Manager\\Services\\DbCommandBase.cs:line 411\r\n   at Warehouse.Manager.Services.DbDataScopedService.GetProducts(Nullable`1 typeID, String name) in D:\\Shared drives\\Projects\\ServerLangs_1701261030\\Warehouse.Manager\\Services\\DbDataScopedService.cs:line 77"
}
Parameters: {
  "ClientIPAddress": null
}
IPAddress: ::1
Request: {
  "Method": "POST",
  "Url": "https://localhost:7102/",
  "Path": "/",
  "Query": [],
  "Body": "",
  "Form": {
    "SearchFilter.ProductTypeSelected": "3",
    "SearchFilter.SearchText": "",
    "__RequestVerificationToken": "CfDJ8Dy3GDioeC5Iv8GnbSp3D-DZe3fD0IVBDRSKXagqViCunOyuDmcIyvsQYKHQ9Ku3WMyikzsGeKMIsg9pSJOCg4ySZL8xaAeAgMMnWUZ1ZDRiwDz2bSKVMLY_5spmS0KaGAyOfyx91uTIBPecT8rhDP_AWjb6cwIrnzRrVgHPXxfQqR-jHSGC4aPZLaFhP4lNJA"
  },
  "Headers": {
    "Accept": [
      "text/html,application/xhtml+xml,application/xml;q=0.9,image/avif,image/webp,image/apng,*/*;q=0.8,application/signed-exchange;v=b3;q=0.9"
    ],
    "Host": [
      "localhost:7102"
    ],
    "User-Agent": [
      "Mozilla/5.0 (Windows NT 10.0; Win64; x64) AppleWebKit/537.36 (KHTML, like Gecko) Chrome/108.0.0.0 Safari/537.36"
    ],
    ":method": [
      "POST"
    ],
    "Accept-Encoding": [
      "gzip, deflate, br"
    ],
    "Accept-Language": [
      "en-US,en;q=0.9"
    ],
    "Cache-Control": [
      "max-age=0"
    ],
    "Content-Type": [
      "application/x-www-form-urlencoded"
    ],
    "Cookie": [
      ".AspNetCore.Antiforgery.1L9FrIpObnY=CfDJ8Dy3GDioeC5Iv8GnbSp3D-DZsyqAA4-OcW2yJoPBJtzDCsJTkZIbIgATGXv6GmPixoO8wDpXpeHCl7QaZrjMvRgQ9Ad-DrfbbE8qejmheLFytgkaQgCXUE57HxWjjk7EbGNwK2ubk_vJJr0GMg2lk7I",
      "active_session=CfDJ8Dy3GDioeC5Iv8GnbSp3D-AOOgrvRg9KvtPxXD-WBLqSSq1Uim43w-zB5UhTNCo8xxHwRzemavZRqr1ofzk95_C_E-2ZPQWWft2BwH_P7v2ZvnBWaQ4qTHDSSt-93VfnQlhxaWsJEVV7iZQaqTsvL0NJ-l8tCb2yjTx9Or08_9Huvge9g-qyiiamh3gxQxR-AiqJsELmHeK6-ZMvFXJisc3w_SWQi69qgGx1paG2ybU3Lj5JnAShBEJY59UEYZ5okpy6MgTCaGNrTTowgY6zHdgRalXY-TNnfB12uaKj2ltzW2WMH6FHVAYqtCME8XL7PfB5dPShgCXqVdzp146e2wiiStEKnUQ1wCZabjQty3LkxJbdqTnCvhR2KfhUfF5cMjR1RLa4ttzZa-Trn8eL6edyisxGaMJ1yMdImkwB35onr8AMMTupKD8JObisdFnUzNus033vnyrtvTiRht8UK8QipdNsBTBSbEZjVX2OM43GRnHUj0pjZuV4I4DtN-nogj1Ur2VD9tKllbCFYC37cVE"
    ],
    "Origin": [
      "https://localhost:7102"
    ],
    "Referer": [
      "https://localhost:7102/"
    ],
    "Upgrade-Insecure-Requests": [
      "1"
    ],
    "Content-Length": [
      "285"
    ],
    "sec-ch-ua": [
      "\"Not?A_Brand\";v=\"8\", \"Chromium\";v=\"108\", \"Google Chrome\";v=\"108\""
    ],
    "sec-ch-ua-mobile": [
      "?0"
    ],
    "sec-ch-ua-platform": [
      "\"Windows\""
    ],
    "sec-fetch-site": [
      "same-origin"
    ],
    "sec-fetch-mode": [
      "navigate"
    ],
    "sec-fetch-user": [
      "?1"
    ],
    "sec-fetch-dest": [
      "document"
    ]
  }
}
-------------------------------------------------

Time: 14:30:15
LogLevel: Error
Code: GetProducts
Exception: {
  "ClientTitle": "Error",
  "ClientMessage": "Error processing data.",
  "Callback": "NONE",
  "Handler": "NONE",
  "Args": null,
  "StatusCode": "ServiceUnavailable",
  "Message": "{\"Message\":\"Invalid column name 'pTypeId'.\",\"Number\":207,\"Procedure\":\"\",\"LineNumber\":1}",
  "Data": {},
  "InnerException": null,
  "HelpLink": null,
  "Source": "Warehouse.Manager",
  "HResult": -2146233088,
  "StackTrace": "   at Warehouse.Manager.Utils.DatabaseException..ctor(SqlException sqlException) in D:\\Shared drives\\Projects\\ServerLangs_1701261030\\Warehouse.Manager\\Utils\\AppExcetion.cs:line 252\r\n   at Warehouse.Manager.Services.DbCommandBase.<>c__DisplayClass34_0.<GetTableResult>b__0(Exception _e) in D:\\Shared drives\\Projects\\ServerLangs_1701261030\\Warehouse.Manager\\Services\\DbCommandBase.cs:line 149\r\n   at Warehouse.Manager.Utils.ExceptionHelper.GetException(Exception e, Func`2 func) in D:\\Shared drives\\Projects\\ServerLangs_1701261030\\Warehouse.Manager\\Utils\\AppExcetion.cs:line 47\r\n   at Warehouse.Manager.Services.DbCommandBase.GetTableResult(String stmt, List`1 parameters) in D:\\Shared drives\\Projects\\ServerLangs_1701261030\\Warehouse.Manager\\Services\\DbCommandBase.cs:line 149\r\n   at Warehouse.Manager.Services.DbCommandBase.GetListResult[T](String stmt, List`1 parameters) in D:\\Shared drives\\Projects\\ServerLangs_1701261030\\Warehouse.Manager\\Services\\DbCommandBase.cs:line 411\r\n   at Warehouse.Manager.Services.DbDataScopedService.GetProducts(Nullable`1 typeID, String name) in D:\\Shared drives\\Projects\\ServerLangs_1701261030\\Warehouse.Manager\\Services\\DbDataScopedService.cs:line 81"
}
Parameters: {
  "ClientIPAddress": null
}
IPAddress: ::1
Request: {
  "Method": "POST",
  "Url": "https://localhost:7102/",
  "Path": "/",
  "Query": [],
  "Body": "",
  "Form": {
    "SearchFilter.ProductTypeSelected": "2",
    "SearchFilter.SearchText": "",
    "__RequestVerificationToken": "CfDJ8Dy3GDioeC5Iv8GnbSp3D-BT0xvqvunDpbPrT4UASFC3OiMCEuYweOjUOu7xDnUVjrr5Cb1QSl2v1S-zxgxp9RIxZbgZw9D6lGxvT9YX4veJVY4yfySeL6C4-0udqUnCFEXU2LERm0OmXaWB3ewvjyOiiJ0ZZKk19y8M-G7al6RGw4hfzJ1Imqdri3rxAPhkyg"
  },
  "Headers": {
    "Accept": [
      "text/html,application/xhtml+xml,application/xml;q=0.9,image/avif,image/webp,image/apng,*/*;q=0.8,application/signed-exchange;v=b3;q=0.9"
    ],
    "Host": [
      "localhost:7102"
    ],
    "User-Agent": [
      "Mozilla/5.0 (Windows NT 10.0; Win64; x64) AppleWebKit/537.36 (KHTML, like Gecko) Chrome/108.0.0.0 Safari/537.36"
    ],
    ":method": [
      "POST"
    ],
    "Accept-Encoding": [
      "gzip, deflate, br"
    ],
    "Accept-Language": [
      "en-US,en;q=0.9"
    ],
    "Cache-Control": [
      "max-age=0"
    ],
    "Content-Type": [
      "application/x-www-form-urlencoded"
    ],
    "Cookie": [
      ".AspNetCore.Antiforgery.1L9FrIpObnY=CfDJ8Dy3GDioeC5Iv8GnbSp3D-AilNe2bMwbADXgA6x3ldi3Q-aHT_h7BtjvSoaEXzoSq2ffT5WXxa67-wFO37FNSi56ckXqDT4g2pDx32IKMUBZRGUpzpAP8n7bs8fP0GlaEWG6uzPLxWcgak5ocywyD1E",
      "active_session=CfDJ8Dy3GDioeC5Iv8GnbSp3D-AWeDH51WdME1pkP05PQSeoluIr6DQciGhgnM3P4tttNk89GlxLlcz9svpAcJAsXJ3-Uep_OmGoK25ZYTMQKb8j6H1ToKjj2jysWkspwYwaHR2HBv3b5R76qTkT8AA6vhSlOC2gdvrBc4HBnnSB3-gehi6oQ7GsdNy5lCDMWjoLoUJnPmRDJBZFme8b7UxSxYnMZK_TeapqGcPKmtgtOt_kwTlvpeWKeDPKSfk36CtvSSRTPgZNCt_8vQUTYiKxtJZ1eQ8Mlujc5_AuiH_Tyt509hnF5yQY3wJ5RqvWPD2r6badQ5Ss5WILtaHWDFwnv69sip7qEiJcMzOyI0PJ167GyBWC64gtOd8N0Cx_Qmxx4G7OUdpbdx4GzKFrlkSNDZCIIi1qpwr-L4dvMrBXZR8fxpHgItQTEpfr7YDfOdUqXD44abE3sWQ4WzMlyAszD2pBAemj7zQQi67Syuym20m8YUwCoBv_mE3vB-MKYxGlPg7rPcykqc41z_6U7rco3GY"
    ],
    "Origin": [
      "https://localhost:7102"
    ],
    "Referer": [
      "https://localhost:7102/"
    ],
    "Upgrade-Insecure-Requests": [
      "1"
    ],
    "Content-Length": [
      "285"
    ],
    "sec-ch-ua": [
      "\"Not?A_Brand\";v=\"8\", \"Chromium\";v=\"108\", \"Google Chrome\";v=\"108\""
    ],
    "sec-ch-ua-mobile": [
      "?0"
    ],
    "sec-ch-ua-platform": [
      "\"Windows\""
    ],
    "sec-fetch-site": [
      "same-origin"
    ],
    "sec-fetch-mode": [
      "navigate"
    ],
    "sec-fetch-user": [
      "?1"
    ],
    "sec-fetch-dest": [
      "document"
    ]
  }
}
-------------------------------------------------

Time: 14:35:10
LogLevel: Error
Code: GetProducts
Exception: {
  "ClientTitle": "Error",
  "ClientMessage": "Error processing data.",
  "Callback": "NONE",
  "Handler": "NONE",
  "Args": null,
  "StatusCode": "ServiceUnavailable",
  "Message": "{\"Message\":\"Must declare the scalar variable \\\"@pName\\\".\",\"Number\":137,\"Procedure\":\"\",\"LineNumber\":1}",
  "Data": {},
  "InnerException": null,
  "HelpLink": null,
  "Source": "Warehouse.Manager",
  "HResult": -2146233088,
  "StackTrace": "   at Warehouse.Manager.Utils.DatabaseException..ctor(SqlException sqlException)\r\n   at Warehouse.Manager.Services.DbCommandBase.<>c__DisplayClass34_0.<GetTableResult>b__0(Exception _e)\r\n   at Warehouse.Manager.Utils.ExceptionHelper.GetException(Exception e, Func`2 func)\r\n   at Warehouse.Manager.Services.DbCommandBase.GetTableResult(String stmt, List`1 parameters)\r\n   at Warehouse.Manager.Services.DbCommandBase.GetListResult[T](String stmt, List`1 parameters)\r\n   at Warehouse.Manager.Services.DbDataScopedService.GetProducts(Nullable`1 typeID, String name)"
}
Parameters: {
  "ClientIPAddress": null
}
IPAddress: ::1
Request: {
  "Method": "POST",
  "Url": "https://localhost:7102/",
  "Path": "/",
  "Query": [],
  "Body": "",
  "Form": {
    "SearchFilter.ProductTypeSelected": "3",
    "SearchFilter.SearchText": "4564156",
    "__RequestVerificationToken": "CfDJ8Dy3GDioeC5Iv8GnbSp3D-AyLFlENCgcNzDIYvlxSfEsmhHHouDor6gnnZrUgMFLmzTp-OzzV2-Mxo-7HTZsL4FVw0zbUevnNrsNLHPLczMQhfftysb636kjHV_Ai8aZncBe-hQLJBcLOD8Sbynb9fvvIOAt6Pq8srG7DtwAmsuyra9lGo4NLqskhzttKcoQyA"
  },
  "Headers": {
    "Accept": [
      "text/html,application/xhtml+xml,application/xml;q=0.9,image/avif,image/webp,image/apng,*/*;q=0.8,application/signed-exchange;v=b3;q=0.9"
    ],
    "Host": [
      "localhost:7102"
    ],
    "User-Agent": [
      "Mozilla/5.0 (Windows NT 10.0; Win64; x64) AppleWebKit/537.36 (KHTML, like Gecko) Chrome/108.0.0.0 Safari/537.36"
    ],
    ":method": [
      "POST"
    ],
    "Accept-Encoding": [
      "gzip, deflate, br"
    ],
    "Accept-Language": [
      "en-US,en;q=0.9"
    ],
    "Cache-Control": [
      "max-age=0"
    ],
    "Content-Type": [
      "application/x-www-form-urlencoded"
    ],
    "Cookie": [
      ".AspNetCore.Antiforgery.1L9FrIpObnY=CfDJ8Dy3GDioeC5Iv8GnbSp3D-AxnFhZUl8_ljpACjKsCZzdzuPWkpSzK2GFMbw6_cvJNpv1Xa-hMaTGSTT5Bj6C2m8PQKL_ET2CSqwnOf6B5mhcd8PfXQw4YnfLAg4-LYCaCtrXdd1-lfGMz-4clpDnyBE",
      "active_session=CfDJ8Dy3GDioeC5Iv8GnbSp3D-BuAfP5qjmghSrGeklnTIe55NG-UqiP3uMZxa2tVktCZTadvKyxcbwGzRn_D2CRn7yHK9wGgMxlAsg24VgholiSXuamstVEUhYjd9en1GFsYN51LvT1A25CDOM19-8f2jriaY5V3SajiKSFF7wHNycO97Tnqs56GUfzmh35PRMiwwWT0u0e5Y6woM3DMarYSxUEHhlHiv76uS4tLeNrOkHpJffp3GmEqv5B_aLqhDH7HHl4y5ZlzZqpbLP1c3KNLJ7OwAMnBssc-nYn7k80i3TmPwPevnb5EcgXODqbBS2Gb7PD612tK5A3IGoxzw0piNHZWxPVqL-z6bVNv9bo7j2lU2BYrlfOM-YlwaC2sKHwQcayMbNO4I94EnlHwlGQt9pJ74Aq1JhIdKW-3cxgzu8K7GNRAvUttaJ3U9g_IvhHXUC7hZI2H5M15QiZCXWjE-haO_ScPmBoiwO08x_BPPxUJuKqM_LxPIN32-yX1d4WAAZskI1AwE-v7vr191oKkz4"
    ],
    "Origin": [
      "https://localhost:7102"
    ],
    "Referer": [
      "https://localhost:7102/"
    ],
    "Upgrade-Insecure-Requests": [
      "1"
    ],
    "Content-Length": [
      "292"
    ],
    "sec-ch-ua": [
      "\"Not?A_Brand\";v=\"8\", \"Chromium\";v=\"108\", \"Google Chrome\";v=\"108\""
    ],
    "sec-ch-ua-mobile": [
      "?0"
    ],
    "sec-ch-ua-platform": [
      "\"Windows\""
    ],
    "sec-fetch-site": [
      "same-origin"
    ],
    "sec-fetch-mode": [
      "navigate"
    ],
    "sec-fetch-user": [
      "?1"
    ],
    "sec-fetch-dest": [
      "document"
    ]
  }
}
-------------------------------------------------

